2021-06-17 12:35:18,823 Using cuda:2 device
2021-06-17 12:35:22,871 finished loading data and model
2021-06-17 12:35:24,436 training, workout 1 of 100
2021-06-17 12:35:25,556   loss: 6.900491  [    0/20000]
2021-06-17 12:35:41,581   loss: 0.853082  [ 1984/20000]
2021-06-17 12:35:57,368   loss: 0.883777  [ 3968/20000]
2021-06-17 12:36:13,211   loss: 0.797125  [ 5952/20000]
2021-06-17 12:36:29,134   loss: 0.854855  [ 7936/20000]
2021-06-17 12:36:45,098   loss: 0.642664  [ 9920/20000]
2021-06-17 12:37:01,264   loss: 0.821370  [11904/20000]
2021-06-17 12:37:17,581   loss: 0.679065  [13888/20000]
2021-06-17 12:37:33,888   loss: 0.685404  [15872/20000]
2021-06-17 12:37:50,128   loss: 0.730258  [17856/20000]
2021-06-17 12:38:06,331   loss: 0.743552  [19840/20000]
2021-06-17 12:38:07,173 testing, workout 2 of 100
2021-06-17 12:38:44,550 test accuracy: 51.9%, avg loss: 0.011117
2021-06-17 12:38:44,550 training, workout 3 of 100
2021-06-17 12:38:45,376   loss: 0.712585  [    0/20000]
2021-06-17 12:39:01,382   loss: 0.717254  [ 1984/20000]
2021-06-17 12:39:17,588   loss: 0.727296  [ 3968/20000]
2021-06-17 12:39:33,812   loss: 0.854236  [ 5952/20000]
2021-06-17 12:39:50,189   loss: 0.773029  [ 7936/20000]
2021-06-17 12:40:06,423   loss: 0.720335  [ 9920/20000]
2021-06-17 12:40:22,711   loss: 0.684855  [11904/20000]
2021-06-17 12:40:39,100   loss: 0.748619  [13888/20000]
2021-06-17 12:40:55,498   loss: 0.767023  [15872/20000]
2021-06-17 12:41:11,680   loss: 0.687280  [17856/20000]
2021-06-17 12:41:27,937   loss: 0.745872  [19840/20000]
2021-06-17 12:41:28,771 testing, workout 4 of 100
2021-06-17 12:42:05,659 test accuracy: 50.0%, avg loss: 0.014730
2021-06-17 12:42:05,659 training, workout 5 of 100
2021-06-17 12:42:06,505   loss: 1.051205  [    0/20000]
2021-06-17 12:42:22,455   loss: 0.744065  [ 1984/20000]
2021-06-17 12:42:38,587   loss: 0.670245  [ 3968/20000]
2021-06-17 12:42:54,819   loss: 0.746826  [ 5952/20000]
2021-06-17 12:43:11,180   loss: 0.740124  [ 7936/20000]
2021-06-17 12:43:27,375   loss: 0.667166  [ 9920/20000]
2021-06-17 12:43:43,546   loss: 0.688575  [11904/20000]
2021-06-17 12:43:59,839   loss: 0.692497  [13888/20000]
2021-06-17 12:44:16,189   loss: 0.640824  [15872/20000]
2021-06-17 12:44:32,385   loss: 0.734759  [17856/20000]
2021-06-17 12:44:48,569   loss: 0.742367  [19840/20000]
2021-06-17 12:44:49,448 testing, workout 6 of 100
2021-06-17 12:45:26,118 test accuracy: 57.8%, avg loss: 0.010672
2021-06-17 12:45:26,118 training, workout 7 of 100
2021-06-17 12:45:26,928   loss: 0.653204  [    0/20000]
2021-06-17 12:45:42,860   loss: 0.707353  [ 1984/20000]
2021-06-17 12:45:59,018   loss: 0.675732  [ 3968/20000]
2021-06-17 12:46:15,184   loss: 0.689430  [ 5952/20000]
2021-06-17 12:46:31,470   loss: 0.679376  [ 7936/20000]
2021-06-17 12:46:47,863   loss: 0.735770  [ 9920/20000]
2021-06-17 12:47:04,151   loss: 0.660615  [11904/20000]
2021-06-17 12:47:20,443   loss: 0.686977  [13888/20000]
2021-06-17 12:47:36,817   loss: 0.679889  [15872/20000]
2021-06-17 12:47:52,967   loss: 0.709066  [17856/20000]
2021-06-17 12:48:09,179   loss: 0.666703  [19840/20000]
2021-06-17 12:48:10,027 testing, workout 8 of 100
2021-06-17 12:48:47,177 test accuracy: 61.2%, avg loss: 0.010552
2021-06-17 12:48:47,178 training, workout 9 of 100
2021-06-17 12:48:48,005   loss: 0.665812  [    0/20000]
2021-06-17 12:49:03,924   loss: 0.699486  [ 1984/20000]
2021-06-17 12:49:20,026   loss: 0.674651  [ 3968/20000]
2021-06-17 12:49:36,215   loss: 0.643320  [ 5952/20000]
2021-06-17 12:49:52,519   loss: 0.646059  [ 7936/20000]
2021-06-17 12:50:08,884   loss: 0.757192  [ 9920/20000]
2021-06-17 12:50:25,158   loss: 0.708263  [11904/20000]
2021-06-17 12:50:41,530   loss: 0.820205  [13888/20000]
2021-06-17 12:50:57,925   loss: 0.684527  [15872/20000]
2021-06-17 12:51:14,225   loss: 0.721619  [17856/20000]
2021-06-17 12:51:30,608   loss: 0.732439  [19840/20000]
2021-06-17 12:51:31,480 testing, workout 10 of 100
2021-06-17 12:52:09,131 test accuracy: 57.4%, avg loss: 0.010664
2021-06-17 12:52:09,131 training, workout 11 of 100
2021-06-17 12:52:09,966   loss: 0.700601  [    0/20000]
2021-06-17 12:52:25,851   loss: 0.712837  [ 1984/20000]
2021-06-17 12:52:41,989   loss: 0.703098  [ 3968/20000]
2021-06-17 12:52:58,165   loss: 0.633169  [ 5952/20000]
2021-06-17 12:53:14,542   loss: 0.703632  [ 7936/20000]
2021-06-17 12:53:30,742   loss: 0.665135  [ 9920/20000]
2021-06-17 12:53:46,943   loss: 0.643077  [11904/20000]
2021-06-17 12:54:03,177   loss: 0.673333  [13888/20000]
2021-06-17 12:54:19,461   loss: 0.651239  [15872/20000]
2021-06-17 12:54:35,640   loss: 0.675873  [17856/20000]
2021-06-17 12:54:51,923   loss: 0.660596  [19840/20000]
2021-06-17 12:54:52,788 testing, workout 12 of 100
2021-06-17 12:55:29,489 test accuracy: 63.4%, avg loss: 0.010318
2021-06-17 12:55:29,489 training, workout 13 of 100
2021-06-17 12:55:30,298   loss: 0.651136  [    0/20000]
2021-06-17 12:55:46,290   loss: 0.651829  [ 1984/20000]
2021-06-17 12:56:02,472   loss: 0.639919  [ 3968/20000]
2021-06-17 12:56:18,664   loss: 0.661715  [ 5952/20000]
2021-06-17 12:56:34,964   loss: 0.637513  [ 7936/20000]
2021-06-17 12:56:51,326   loss: 0.632652  [ 9920/20000]
2021-06-17 12:57:07,504   loss: 0.693126  [11904/20000]
2021-06-17 12:57:23,892   loss: 0.701539  [13888/20000]
2021-06-17 12:57:40,156   loss: 0.701347  [15872/20000]
2021-06-17 12:57:56,357   loss: 0.646370  [17856/20000]
2021-06-17 12:58:12,551   loss: 0.693132  [19840/20000]
2021-06-17 12:58:13,409 testing, workout 14 of 100
2021-06-17 12:58:50,194 test accuracy: 63.9%, avg loss: 0.010237
2021-06-17 12:58:50,194 training, workout 15 of 100
2021-06-17 12:58:51,011   loss: 0.651095  [    0/20000]
2021-06-17 12:59:06,929   loss: 0.653041  [ 1984/20000]
2021-06-17 12:59:23,082   loss: 0.673133  [ 3968/20000]
2021-06-17 12:59:39,280   loss: 0.696979  [ 5952/20000]
2021-06-17 12:59:55,549   loss: 0.849609  [ 7936/20000]
2021-06-17 13:00:11,734   loss: 0.662974  [ 9920/20000]
2021-06-17 13:00:27,909   loss: 0.623041  [11904/20000]
2021-06-17 13:00:44,236   loss: 0.716169  [13888/20000]
2021-06-17 13:01:00,482   loss: 0.631695  [15872/20000]
2021-06-17 13:01:16,752   loss: 0.576124  [17856/20000]
2021-06-17 13:01:32,952   loss: 0.654522  [19840/20000]
2021-06-17 13:01:33,830 testing, workout 16 of 100
2021-06-17 13:02:10,938 test accuracy: 59.0%, avg loss: 0.010561
2021-06-17 13:02:10,938 training, workout 17 of 100
2021-06-17 13:02:11,823   loss: 0.679517  [    0/20000]
2021-06-17 13:02:27,758   loss: 0.639428  [ 1984/20000]
2021-06-17 13:02:43,996   loss: 0.633969  [ 3968/20000]
2021-06-17 13:03:01,853   loss: 0.909377  [ 5952/20000]
2021-06-17 13:03:18,125   loss: 0.684495  [ 7936/20000]
2021-06-17 13:03:34,701   loss: 0.641901  [ 9920/20000]
2021-06-17 13:03:51,184   loss: 0.653480  [11904/20000]
2021-06-17 13:04:07,595   loss: 0.621135  [13888/20000]
2021-06-17 13:04:23,969   loss: 0.724065  [15872/20000]
2021-06-17 13:04:40,469   loss: 0.571267  [17856/20000]
2021-06-17 13:04:57,025   loss: 0.642572  [19840/20000]
2021-06-17 13:04:57,906 testing, workout 18 of 100
2021-06-17 13:05:39,589 test accuracy: 65.3%, avg loss: 0.009957
2021-06-17 13:05:39,589 training, workout 19 of 100
2021-06-17 13:05:40,518   loss: 0.549192  [    0/20000]
2021-06-17 13:05:56,741   loss: 0.665472  [ 1984/20000]
2021-06-17 13:06:13,416   loss: 0.661210  [ 3968/20000]
2021-06-17 13:06:29,941   loss: 0.743958  [ 5952/20000]
2021-06-17 13:06:46,306   loss: 0.600549  [ 7936/20000]
2021-06-17 13:07:02,687   loss: 0.637751  [ 9920/20000]
2021-06-17 13:07:19,373   loss: 0.644666  [11904/20000]
2021-06-17 13:07:35,801   loss: 0.671391  [13888/20000]
2021-06-17 13:07:52,051   loss: 0.652309  [15872/20000]
2021-06-17 13:08:08,525   loss: 0.648345  [17856/20000]
2021-06-17 13:08:24,962   loss: 0.597396  [19840/20000]
2021-06-17 13:08:25,889 testing, workout 20 of 100
2021-06-17 13:09:07,465 test accuracy: 65.4%, avg loss: 0.009970
2021-06-17 13:09:07,465 training, workout 21 of 100
2021-06-17 13:09:08,355   loss: 0.593643  [    0/20000]
2021-06-17 13:09:24,629   loss: 0.740756  [ 1984/20000]
2021-06-17 13:09:40,881   loss: 0.705575  [ 3968/20000]
2021-06-17 13:09:57,295   loss: 0.654322  [ 5952/20000]
2021-06-17 13:10:13,876   loss: 0.660439  [ 7936/20000]
2021-06-17 13:10:30,475   loss: 0.623879  [ 9920/20000]
2021-06-17 13:10:46,742   loss: 0.574381  [11904/20000]
2021-06-17 13:11:03,425   loss: 0.726725  [13888/20000]
2021-06-17 13:11:20,056   loss: 0.645795  [15872/20000]
2021-06-17 13:11:36,525   loss: 0.660088  [17856/20000]
2021-06-17 13:11:52,903   loss: 0.710759  [19840/20000]
2021-06-17 13:11:53,850 testing, workout 22 of 100
2021-06-17 13:12:34,891 test accuracy: 63.4%, avg loss: 0.010041
2021-06-17 13:12:34,891 training, workout 23 of 100
2021-06-17 13:12:35,783   loss: 0.666688  [    0/20000]
2021-06-17 13:12:52,088   loss: 0.606210  [ 1984/20000]
2021-06-17 13:13:08,480   loss: 0.625207  [ 3968/20000]
2021-06-17 13:13:24,975   loss: 0.589315  [ 5952/20000]
2021-06-17 13:13:41,451   loss: 0.626676  [ 7936/20000]
2021-06-17 13:13:57,721   loss: 0.687485  [ 9920/20000]
2021-06-17 13:14:14,409   loss: 0.614976  [11904/20000]
2021-06-17 13:14:31,134   loss: 0.703799  [13888/20000]
2021-06-17 13:14:47,663   loss: 0.554710  [15872/20000]
2021-06-17 13:15:03,989   loss: 0.724701  [17856/20000]
2021-06-17 13:15:20,572   loss: 0.625577  [19840/20000]
2021-06-17 13:15:21,508 testing, workout 24 of 100
2021-06-17 13:16:03,542 test accuracy: 66.0%, avg loss: 0.009796
2021-06-17 13:16:03,542 training, workout 25 of 100
2021-06-17 13:16:04,454   loss: 0.723432  [    0/20000]
2021-06-17 13:16:20,654   loss: 0.606837  [ 1984/20000]
2021-06-17 13:16:36,958   loss: 0.562070  [ 3968/20000]
2021-06-17 13:16:53,233   loss: 0.632203  [ 5952/20000]
2021-06-17 13:17:09,565   loss: 0.595330  [ 7936/20000]
2021-06-17 13:17:26,115   loss: 0.739033  [ 9920/20000]
2021-06-17 13:17:42,741   loss: 0.672275  [11904/20000]
2021-06-17 13:17:59,091   loss: 0.622516  [13888/20000]
2021-06-17 13:18:15,569   loss: 0.532926  [15872/20000]
2021-06-17 13:18:31,869   loss: 0.671450  [17856/20000]
2021-06-17 13:18:48,468   loss: 0.785401  [19840/20000]
2021-06-17 13:18:49,433 testing, workout 26 of 100
2021-06-17 13:19:30,832 test accuracy: 67.2%, avg loss: 0.009654
2021-06-17 13:19:30,832 training, workout 27 of 100
2021-06-17 13:19:31,732   loss: 0.616468  [    0/20000]
2021-06-17 13:19:47,767   loss: 0.590677  [ 1984/20000]
2021-06-17 13:20:04,156   loss: 0.640161  [ 3968/20000]
2021-06-17 13:20:20,649   loss: 0.642187  [ 5952/20000]
2021-06-17 13:20:37,120   loss: 0.680161  [ 7936/20000]
2021-06-17 13:20:53,691   loss: 0.653972  [ 9920/20000]
2021-06-17 13:21:10,072   loss: 0.686200  [11904/20000]
2021-06-17 13:21:26,570   loss: 0.597127  [13888/20000]
2021-06-17 13:21:43,105   loss: 0.663192  [15872/20000]
2021-06-17 13:21:59,453   loss: 0.562845  [17856/20000]
2021-06-17 13:22:16,021   loss: 0.699693  [19840/20000]
2021-06-17 13:22:16,979 testing, workout 28 of 100
2021-06-17 13:22:58,189 test accuracy: 63.3%, avg loss: 0.010029
2021-06-17 13:22:58,189 training, workout 29 of 100
2021-06-17 13:22:59,086   loss: 0.670270  [    0/20000]
2021-06-17 13:23:15,277   loss: 0.677352  [ 1984/20000]
2021-06-17 13:23:31,693   loss: 0.553808  [ 3968/20000]
2021-06-17 13:23:47,969   loss: 0.559502  [ 5952/20000]
2021-06-17 13:24:04,469   loss: 0.591158  [ 7936/20000]
2021-06-17 13:24:21,248   loss: 0.672546  [ 9920/20000]
2021-06-17 13:24:37,872   loss: 0.528946  [11904/20000]
2021-06-17 13:24:54,237   loss: 0.583641  [13888/20000]
2021-06-17 13:25:10,610   loss: 0.731537  [15872/20000]
2021-06-17 13:25:27,091   loss: 0.714963  [17856/20000]
2021-06-17 13:25:43,293   loss: 0.551459  [19840/20000]
2021-06-17 13:25:44,218 testing, workout 30 of 100
2021-06-17 13:26:25,530 test accuracy: 59.5%, avg loss: 0.010762
2021-06-17 13:26:25,531 training, workout 31 of 100
2021-06-17 13:26:26,409   loss: 0.579601  [    0/20000]
2021-06-17 13:26:42,396   loss: 0.654910  [ 1984/20000]
2021-06-17 13:26:58,954   loss: 0.636582  [ 3968/20000]
2021-06-17 13:27:15,349   loss: 0.592452  [ 5952/20000]
2021-06-17 13:27:31,842   loss: 0.578681  [ 7936/20000]
2021-06-17 13:27:48,233   loss: 0.620952  [ 9920/20000]
2021-06-17 13:28:04,505   loss: 0.815786  [11904/20000]
2021-06-17 13:28:20,884   loss: 0.544041  [13888/20000]
2021-06-17 13:28:37,298   loss: 0.568997  [15872/20000]
2021-06-17 13:28:53,546   loss: 0.530272  [17856/20000]
2021-06-17 13:29:09,719   loss: 0.663075  [19840/20000]
2021-06-17 13:29:10,592 testing, workout 32 of 100
2021-06-17 13:29:47,878 test accuracy: 56.5%, avg loss: 0.011703
2021-06-17 13:29:47,878 training, workout 33 of 100
2021-06-17 13:29:48,701   loss: 0.674083  [    0/20000]
2021-06-17 13:30:04,740   loss: 0.601394  [ 1984/20000]
2021-06-17 13:30:20,896   loss: 0.532477  [ 3968/20000]
2021-06-17 13:30:37,091   loss: 0.516360  [ 5952/20000]
2021-06-17 13:30:53,375   loss: 0.603501  [ 7936/20000]
2021-06-17 13:31:09,560   loss: 0.675275  [ 9920/20000]
2021-06-17 13:31:25,729   loss: 0.598982  [11904/20000]
2021-06-17 13:31:41,896   loss: 0.646237  [13888/20000]
2021-06-17 13:31:58,191   loss: 0.629269  [15872/20000]
2021-06-17 13:32:14,463   loss: 0.606607  [17856/20000]
2021-06-17 13:32:30,648   loss: 0.605843  [19840/20000]
2021-06-17 13:32:31,507 testing, workout 34 of 100
2021-06-17 13:33:08,504 test accuracy: 69.1%, avg loss: 0.009367
2021-06-17 13:33:08,504 training, workout 35 of 100
2021-06-17 13:33:09,324   loss: 0.517095  [    0/20000]
2021-06-17 13:33:25,304   loss: 0.601810  [ 1984/20000]
2021-06-17 13:33:41,503   loss: 0.578340  [ 3968/20000]
2021-06-17 13:33:57,698   loss: 0.719740  [ 5952/20000]
2021-06-17 13:34:13,882   loss: 0.581569  [ 7936/20000]
2021-06-17 13:34:30,168   loss: 0.678155  [ 9920/20000]
2021-06-17 13:34:46,474   loss: 0.611366  [11904/20000]
2021-06-17 13:35:02,643   loss: 0.634755  [13888/20000]
2021-06-17 13:35:19,022   loss: 0.445177  [15872/20000]
2021-06-17 13:35:35,294   loss: 0.662824  [17856/20000]
2021-06-17 13:35:51,578   loss: 0.622456  [19840/20000]
2021-06-17 13:35:52,521 testing, workout 36 of 100
2021-06-17 13:36:30,077 test accuracy: 68.9%, avg loss: 0.009341
2021-06-17 13:36:30,077 training, workout 37 of 100
2021-06-17 13:36:30,940   loss: 0.622700  [    0/20000]
2021-06-17 13:36:46,929   loss: 0.601652  [ 1984/20000]
2021-06-17 13:37:03,141   loss: 0.592208  [ 3968/20000]
2021-06-17 13:37:19,422   loss: 0.527819  [ 5952/20000]
2021-06-17 13:37:35,932   loss: 0.558068  [ 7936/20000]
2021-06-17 13:37:52,329   loss: 0.618245  [ 9920/20000]
2021-06-17 13:38:08,586   loss: 0.650640  [11904/20000]
2021-06-17 13:38:24,774   loss: 0.548784  [13888/20000]
2021-06-17 13:38:41,074   loss: 0.672517  [15872/20000]
2021-06-17 13:38:57,349   loss: 0.497819  [17856/20000]
2021-06-17 13:39:13,656   loss: 0.563956  [19840/20000]
2021-06-17 13:39:14,527 testing, workout 38 of 100
2021-06-17 13:39:51,668 test accuracy: 64.8%, avg loss: 0.010102
2021-06-17 13:39:51,668 training, workout 39 of 100
2021-06-17 13:39:52,488   loss: 0.624463  [    0/20000]
2021-06-17 13:40:08,458   loss: 0.576732  [ 1984/20000]
2021-06-17 13:40:24,679   loss: 0.608727  [ 3968/20000]
2021-06-17 13:40:40,853   loss: 0.611967  [ 5952/20000]
2021-06-17 13:40:57,033   loss: 0.544013  [ 7936/20000]
2021-06-17 13:41:13,330   loss: 0.512188  [ 9920/20000]
2021-06-17 13:41:29,512   loss: 0.513275  [11904/20000]
2021-06-17 13:41:45,794   loss: 0.556222  [13888/20000]
2021-06-17 13:42:02,079   loss: 0.620798  [15872/20000]
2021-06-17 13:42:18,268   loss: 0.700289  [17856/20000]
2021-06-17 13:42:34,641   loss: 0.570559  [19840/20000]
2021-06-17 13:42:35,468 testing, workout 40 of 100
2021-06-17 13:43:12,680 test accuracy: 68.1%, avg loss: 0.009432
2021-06-17 13:43:12,680 training, workout 41 of 100
2021-06-17 13:43:13,531   loss: 0.686954  [    0/20000]
2021-06-17 13:43:29,494   loss: 0.555752  [ 1984/20000]
2021-06-17 13:43:45,637   loss: 0.535002  [ 3968/20000]
2021-06-17 13:44:01,876   loss: 0.507942  [ 5952/20000]
2021-06-17 13:44:18,048   loss: 0.745346  [ 7936/20000]
2021-06-17 13:44:34,230   loss: 0.617244  [ 9920/20000]
2021-06-17 13:44:50,651   loss: 0.602979  [11904/20000]
2021-06-17 13:45:06,899   loss: 0.751917  [13888/20000]
2021-06-17 13:45:23,178   loss: 0.610576  [15872/20000]
2021-06-17 13:45:39,382   loss: 0.533573  [17856/20000]
2021-06-17 13:45:55,661   loss: 0.502237  [19840/20000]
2021-06-17 13:45:56,537 testing, workout 42 of 100
2021-06-17 13:46:33,723 test accuracy: 68.5%, avg loss: 0.009332
2021-06-17 13:46:33,723 training, workout 43 of 100
2021-06-17 13:46:34,582   loss: 0.662773  [    0/20000]
2021-06-17 13:46:50,546   loss: 0.569124  [ 1984/20000]
2021-06-17 13:47:06,707   loss: 0.658119  [ 3968/20000]
2021-06-17 13:47:22,893   loss: 0.712536  [ 5952/20000]
2021-06-17 13:47:39,179   loss: 0.589245  [ 7936/20000]
2021-06-17 13:47:55,568   loss: 0.524122  [ 9920/20000]
2021-06-17 13:48:11,753   loss: 0.521344  [11904/20000]
2021-06-17 13:48:28,145   loss: 0.603660  [13888/20000]
2021-06-17 13:48:44,430   loss: 0.480648  [15872/20000]
2021-06-17 13:49:00,696   loss: 0.668755  [17856/20000]
2021-06-17 13:49:16,920   loss: 0.501791  [19840/20000]
2021-06-17 13:49:17,768 testing, workout 44 of 100
2021-06-17 13:49:55,130 test accuracy: 69.4%, avg loss: 0.009242
2021-06-17 13:49:55,130 training, workout 45 of 100
2021-06-17 13:49:56,002   loss: 0.571763  [    0/20000]
2021-06-17 13:50:11,946   loss: 0.487919  [ 1984/20000]
2021-06-17 13:50:28,242   loss: 0.522829  [ 3968/20000]
2021-06-17 13:50:44,420   loss: 0.572945  [ 5952/20000]
2021-06-17 13:51:00,613   loss: 0.484775  [ 7936/20000]
2021-06-17 13:51:16,894   loss: 0.604738  [ 9920/20000]
2021-06-17 13:51:33,073   loss: 0.650762  [11904/20000]
2021-06-17 13:51:49,573   loss: 0.457152  [13888/20000]
2021-06-17 13:52:05,949   loss: 0.561267  [15872/20000]
2021-06-17 13:52:22,212   loss: 0.468695  [17856/20000]
2021-06-17 13:52:38,454   loss: 0.543442  [19840/20000]
2021-06-17 13:52:39,371 testing, workout 46 of 100
2021-06-17 13:53:16,479 test accuracy: 70.4%, avg loss: 0.009054
2021-06-17 13:53:16,479 training, workout 47 of 100
2021-06-17 13:53:17,331   loss: 0.674122  [    0/20000]
2021-06-17 13:53:33,319   loss: 0.607342  [ 1984/20000]
2021-06-17 13:53:49,473   loss: 0.545031  [ 3968/20000]
2021-06-17 13:54:05,647   loss: 0.491511  [ 5952/20000]
2021-06-17 13:54:21,856   loss: 0.577169  [ 7936/20000]
2021-06-17 13:54:38,335   loss: 0.405436  [ 9920/20000]
2021-06-17 13:54:54,710   loss: 0.567355  [11904/20000]
2021-06-17 13:55:11,001   loss: 0.532450  [13888/20000]
2021-06-17 13:55:27,288   loss: 0.612329  [15872/20000]
2021-06-17 13:55:43,562   loss: 0.538932  [17856/20000]
2021-06-17 13:55:59,869   loss: 0.562697  [19840/20000]
2021-06-17 13:56:00,721 testing, workout 48 of 100
2021-06-17 13:56:37,638 test accuracy: 70.7%, avg loss: 0.008734
2021-06-17 13:56:37,638 training, workout 49 of 100
2021-06-17 13:56:38,459   loss: 0.591546  [    0/20000]
2021-06-17 13:56:54,433   loss: 0.496088  [ 1984/20000]
2021-06-17 13:57:10,581   loss: 0.598242  [ 3968/20000]
2021-06-17 13:57:26,798   loss: 0.604229  [ 5952/20000]
2021-06-17 13:57:43,122   loss: 0.608279  [ 7936/20000]
2021-06-17 13:57:59,357   loss: 0.542538  [ 9920/20000]
2021-06-17 13:58:15,841   loss: 0.575042  [11904/20000]
2021-06-17 13:58:32,117   loss: 0.451446  [13888/20000]
2021-06-17 13:58:48,333   loss: 0.560922  [15872/20000]
2021-06-17 13:59:04,590   loss: 0.571528  [17856/20000]
2021-06-17 13:59:20,862   loss: 0.487212  [19840/20000]
2021-06-17 13:59:21,687 testing, workout 50 of 100
2021-06-17 13:59:58,684 test accuracy: 70.2%, avg loss: 0.009163
2021-06-17 13:59:58,684 training, workout 51 of 100
2021-06-17 13:59:59,515   loss: 0.663638  [    0/20000]
2021-06-17 14:00:15,568   loss: 0.503674  [ 1984/20000]
2021-06-17 14:00:31,725   loss: 0.545765  [ 3968/20000]
2021-06-17 14:00:47,902   loss: 0.584948  [ 5952/20000]
2021-06-17 14:01:04,094   loss: 0.442715  [ 7936/20000]
2021-06-17 14:01:20,377   loss: 0.565387  [ 9920/20000]
2021-06-17 14:01:36,645   loss: 0.648501  [11904/20000]
2021-06-17 14:01:52,808   loss: 0.667747  [13888/20000]
2021-06-17 14:02:09,110   loss: 0.587331  [15872/20000]
2021-06-17 14:02:25,487   loss: 0.514378  [17856/20000]
2021-06-17 14:02:41,666   loss: 0.489624  [19840/20000]
2021-06-17 14:02:42,525 testing, workout 52 of 100
2021-06-17 14:03:19,164 test accuracy: 71.3%, avg loss: 0.008593
2021-06-17 14:03:19,164 training, workout 53 of 100
2021-06-17 14:03:20,055   loss: 0.470186  [    0/20000]
2021-06-17 14:03:36,010   loss: 0.551092  [ 1984/20000]
2021-06-17 14:03:52,214   loss: 0.563937  [ 3968/20000]
2021-06-17 14:04:08,403   loss: 0.509317  [ 5952/20000]
2021-06-17 14:04:24,702   loss: 0.460923  [ 7936/20000]
2021-06-17 14:04:40,979   loss: 0.498149  [ 9920/20000]
2021-06-17 14:04:57,315   loss: 0.603038  [11904/20000]
2021-06-17 14:05:13,639   loss: 0.512785  [13888/20000]
2021-06-17 14:05:29,821   loss: 0.512227  [15872/20000]
2021-06-17 14:05:46,007   loss: 0.519090  [17856/20000]
2021-06-17 14:06:02,267   loss: 0.580674  [19840/20000]
2021-06-17 14:06:03,129 testing, workout 54 of 100
2021-06-17 14:06:39,373 test accuracy: 72.9%, avg loss: 0.008460
2021-06-17 14:06:39,373 training, workout 55 of 100
2021-06-17 14:06:40,242   loss: 0.500053  [    0/20000]
2021-06-17 14:06:56,283   loss: 0.502021  [ 1984/20000]
2021-06-17 14:07:12,540   loss: 0.539889  [ 3968/20000]
2021-06-17 14:07:28,714   loss: 0.617265  [ 5952/20000]
2021-06-17 14:07:44,991   loss: 0.497031  [ 7936/20000]
2021-06-17 14:08:01,359   loss: 0.555059  [ 9920/20000]
2021-06-17 14:08:17,569   loss: 0.447372  [11904/20000]
2021-06-17 14:08:33,850   loss: 0.631936  [13888/20000]
2021-06-17 14:08:50,018   loss: 0.660649  [15872/20000]
2021-06-17 14:09:06,405   loss: 0.468641  [17856/20000]
2021-06-17 14:09:22,599   loss: 0.694342  [19840/20000]
2021-06-17 14:09:23,441 testing, workout 56 of 100
2021-06-17 14:10:00,020 test accuracy: 72.5%, avg loss: 0.008573
2021-06-17 14:10:00,020 training, workout 57 of 100
2021-06-17 14:10:00,858   loss: 0.504720  [    0/20000]
2021-06-17 14:10:16,870   loss: 0.517795  [ 1984/20000]
2021-06-17 14:10:33,024   loss: 0.542406  [ 3968/20000]
2021-06-17 14:10:49,227   loss: 0.601589  [ 5952/20000]
2021-06-17 14:11:05,400   loss: 0.528413  [ 7936/20000]
2021-06-17 14:11:21,587   loss: 0.561228  [ 9920/20000]
2021-06-17 14:11:37,751   loss: 0.589708  [11904/20000]
2021-06-17 14:11:53,933   loss: 0.539451  [13888/20000]
2021-06-17 14:12:10,223   loss: 0.557969  [15872/20000]
2021-06-17 14:12:26,512   loss: 0.481008  [17856/20000]
2021-06-17 14:12:42,787   loss: 0.560502  [19840/20000]
2021-06-17 14:12:43,713 testing, workout 58 of 100
2021-06-17 14:13:20,176 test accuracy: 73.8%, avg loss: 0.008360
2021-06-17 14:13:20,176 training, workout 59 of 100
2021-06-17 14:13:21,027   loss: 0.557743  [    0/20000]
2021-06-17 14:13:37,030   loss: 0.523618  [ 1984/20000]
2021-06-17 14:13:53,217   loss: 0.572328  [ 3968/20000]
2021-06-17 14:14:09,441   loss: 0.499872  [ 5952/20000]
2021-06-17 14:14:25,697   loss: 0.451123  [ 7936/20000]
2021-06-17 14:14:41,883   loss: 0.435513  [ 9920/20000]
2021-06-17 14:14:58,075   loss: 0.488088  [11904/20000]
2021-06-17 14:15:14,243   loss: 0.456420  [13888/20000]
2021-06-17 14:15:30,516   loss: 0.618184  [15872/20000]
2021-06-17 14:15:46,695   loss: 0.453014  [17856/20000]
2021-06-17 14:16:03,098   loss: 0.523491  [19840/20000]
2021-06-17 14:16:03,989 testing, workout 60 of 100
2021-06-17 14:16:39,827 test accuracy: 74.0%, avg loss: 0.008268
2021-06-17 14:16:39,827 training, workout 61 of 100
2021-06-17 14:16:40,686   loss: 0.488322  [    0/20000]
2021-06-17 14:16:56,627   loss: 0.524879  [ 1984/20000]
2021-06-17 14:17:12,912   loss: 0.532932  [ 3968/20000]
2021-06-17 14:17:29,202   loss: 0.412784  [ 5952/20000]
2021-06-17 14:17:45,493   loss: 0.530665  [ 7936/20000]
2021-06-17 14:18:01,788   loss: 0.495522  [ 9920/20000]
2021-06-17 14:18:18,066   loss: 0.454586  [11904/20000]
2021-06-17 14:18:34,379   loss: 0.505568  [13888/20000]
2021-06-17 14:18:50,621   loss: 0.472220  [15872/20000]
2021-06-17 14:19:06,884   loss: 0.496873  [17856/20000]
2021-06-17 14:19:23,072   loss: 0.445756  [19840/20000]
2021-06-17 14:19:23,917 testing, workout 62 of 100
2021-06-17 14:19:59,297 test accuracy: 66.4%, avg loss: 0.010186
2021-06-17 14:19:59,298 training, workout 63 of 100
2021-06-17 14:20:00,099   loss: 0.682210  [    0/20000]
2021-06-17 14:20:16,071   loss: 0.483227  [ 1984/20000]
2021-06-17 14:20:32,191   loss: 0.461078  [ 3968/20000]
2021-06-17 14:20:48,486   loss: 0.488618  [ 5952/20000]
2021-06-17 14:21:04,901   loss: 0.491183  [ 7936/20000]
2021-06-17 14:21:21,151   loss: 0.530004  [ 9920/20000]
2021-06-17 14:21:37,585   loss: 0.495243  [11904/20000]
2021-06-17 14:21:53,832   loss: 0.666391  [13888/20000]
2021-06-17 14:22:10,093   loss: 0.449877  [15872/20000]
2021-06-17 14:22:26,433   loss: 0.473173  [17856/20000]
2021-06-17 14:22:42,656   loss: 0.445815  [19840/20000]
2021-06-17 14:22:43,593 testing, workout 64 of 100
2021-06-17 14:23:19,396 test accuracy: 73.6%, avg loss: 0.008399
2021-06-17 14:23:19,396 training, workout 65 of 100
2021-06-17 14:23:20,214   loss: 0.551013  [    0/20000]
2021-06-17 14:23:36,291   loss: 0.522043  [ 1984/20000]
2021-06-17 14:23:52,386   loss: 0.514382  [ 3968/20000]
2021-06-17 14:24:08,822   loss: 0.505234  [ 5952/20000]
2021-06-17 14:24:25,169   loss: 0.361747  [ 7936/20000]
2021-06-17 14:24:41,374   loss: 0.497845  [ 9920/20000]
2021-06-17 14:24:57,648   loss: 0.377010  [11904/20000]
2021-06-17 14:25:13,953   loss: 0.437466  [13888/20000]
2021-06-17 14:25:30,201   loss: 0.711329  [15872/20000]
2021-06-17 14:25:46,506   loss: 0.477805  [17856/20000]
2021-06-17 14:26:02,877   loss: 0.456664  [19840/20000]
2021-06-17 14:26:03,762 testing, workout 66 of 100
2021-06-17 14:26:39,196 test accuracy: 72.7%, avg loss: 0.008588
2021-06-17 14:26:39,196 training, workout 67 of 100
2021-06-17 14:26:40,058   loss: 0.435454  [    0/20000]
2021-06-17 14:26:56,085   loss: 0.595258  [ 1984/20000]
2021-06-17 14:27:12,188   loss: 0.537756  [ 3968/20000]
2021-06-17 14:27:28,371   loss: 0.408367  [ 5952/20000]
2021-06-17 14:27:44,641   loss: 0.404789  [ 7936/20000]
2021-06-17 14:28:00,956   loss: 0.614917  [ 9920/20000]
2021-06-17 14:28:17,336   loss: 0.523615  [11904/20000]
2021-06-17 14:28:33,618   loss: 0.525071  [13888/20000]
2021-06-17 14:28:49,819   loss: 0.396143  [15872/20000]
2021-06-17 14:29:05,974   loss: 0.593271  [17856/20000]
2021-06-17 14:29:22,248   loss: 0.439903  [19840/20000]
2021-06-17 14:29:23,150 testing, workout 68 of 100
2021-06-17 14:29:59,431 test accuracy: 74.9%, avg loss: 0.008112
2021-06-17 14:29:59,431 training, workout 69 of 100
2021-06-17 14:30:00,272   loss: 0.402920  [    0/20000]
2021-06-17 14:30:16,249   loss: 0.361981  [ 1984/20000]
2021-06-17 14:30:32,372   loss: 0.372464  [ 3968/20000]
2021-06-17 14:30:48,572   loss: 0.554978  [ 5952/20000]
2021-06-17 14:31:04,970   loss: 0.506111  [ 7936/20000]
2021-06-17 14:31:21,256   loss: 0.516039  [ 9920/20000]
2021-06-17 14:31:37,533   loss: 0.467369  [11904/20000]
2021-06-17 14:31:53,816   loss: 0.427001  [13888/20000]
2021-06-17 14:32:10,102   loss: 0.511645  [15872/20000]
2021-06-17 14:32:26,281   loss: 0.520358  [17856/20000]
2021-06-17 14:32:42,551   loss: 0.524934  [19840/20000]
2021-06-17 14:32:43,490 testing, workout 70 of 100
2021-06-17 14:33:19,514 test accuracy: 65.8%, avg loss: 0.010395
2021-06-17 14:33:19,514 training, workout 71 of 100
2021-06-17 14:33:20,336   loss: 0.686995  [    0/20000]
2021-06-17 14:33:36,323   loss: 0.457915  [ 1984/20000]
2021-06-17 14:33:52,487   loss: 0.374876  [ 3968/20000]
2021-06-17 14:34:08,675   loss: 0.449047  [ 5952/20000]
2021-06-17 14:34:24,968   loss: 0.513920  [ 7936/20000]
2021-06-17 14:34:41,267   loss: 0.586501  [ 9920/20000]
2021-06-17 14:34:57,461   loss: 0.387397  [11904/20000]
2021-06-17 14:35:13,692   loss: 0.449714  [13888/20000]
2021-06-17 14:35:30,003   loss: 0.746017  [15872/20000]
2021-06-17 14:35:46,177   loss: 0.652647  [17856/20000]
2021-06-17 14:36:02,328   loss: 0.443926  [19840/20000]
2021-06-17 14:36:03,171 testing, workout 72 of 100
2021-06-17 14:36:39,016 test accuracy: 73.4%, avg loss: 0.008438
2021-06-17 14:36:39,016 training, workout 73 of 100
2021-06-17 14:36:39,902   loss: 0.367592  [    0/20000]
2021-06-17 14:36:55,894   loss: 0.477354  [ 1984/20000]
2021-06-17 14:37:12,054   loss: 0.496248  [ 3968/20000]
2021-06-17 14:37:28,268   loss: 0.662459  [ 5952/20000]
2021-06-17 14:37:44,464   loss: 0.523138  [ 7936/20000]
2021-06-17 14:38:00,727   loss: 0.585692  [ 9920/20000]
2021-06-17 14:38:16,911   loss: 0.459732  [11904/20000]
2021-06-17 14:38:33,117   loss: 0.460815  [13888/20000]
2021-06-17 14:38:49,257   loss: 0.367764  [15872/20000]
2021-06-17 14:39:05,539   loss: 0.529896  [17856/20000]
2021-06-17 14:39:21,814   loss: 0.418014  [19840/20000]
2021-06-17 14:39:22,648 testing, workout 74 of 100
2021-06-17 14:39:59,190 test accuracy: 59.2%, avg loss: 0.014586
2021-06-17 14:39:59,190 training, workout 75 of 100
2021-06-17 14:40:00,019   loss: 0.638962  [    0/20000]
2021-06-17 14:40:15,993   loss: 0.411184  [ 1984/20000]
2021-06-17 14:40:32,171   loss: 0.436619  [ 3968/20000]
2021-06-17 14:40:48,359   loss: 0.471864  [ 5952/20000]
2021-06-17 14:41:04,642   loss: 0.724932  [ 7936/20000]
2021-06-17 14:41:20,963   loss: 0.673720  [ 9920/20000]
2021-06-17 14:41:37,298   loss: 0.424682  [11904/20000]
2021-06-17 14:41:53,849   loss: 0.379642  [13888/20000]
2021-06-17 14:42:10,079   loss: 0.339456  [15872/20000]
2021-06-17 14:42:26,477   loss: 0.367614  [17856/20000]
2021-06-17 14:42:42,754   loss: 0.577062  [19840/20000]
2021-06-17 14:42:43,593 testing, workout 76 of 100
2021-06-17 14:43:20,384 test accuracy: 74.5%, avg loss: 0.008165
2021-06-17 14:43:20,384 training, workout 77 of 100
2021-06-17 14:43:21,290   loss: 0.535294  [    0/20000]
2021-06-17 14:43:37,309   loss: 0.510280  [ 1984/20000]
2021-06-17 14:43:53,508   loss: 0.467858  [ 3968/20000]
2021-06-17 14:44:09,787   loss: 0.466110  [ 5952/20000]
2021-06-17 14:44:26,170   loss: 0.482910  [ 7936/20000]
2021-06-17 14:44:42,668   loss: 0.522351  [ 9920/20000]
2021-06-17 14:44:59,174   loss: 0.385410  [11904/20000]
2021-06-17 14:45:16,900   loss: 0.517737  [13888/20000]
2021-06-17 14:45:33,139   loss: 0.473291  [15872/20000]
2021-06-17 14:45:50,660   loss: 0.441660  [17856/20000]
2021-06-17 14:46:06,949   loss: 0.727325  [19840/20000]
2021-06-17 14:46:07,784 testing, workout 78 of 100
2021-06-17 14:46:50,666 test accuracy: 74.0%, avg loss: 0.008261
2021-06-17 14:46:50,667 training, workout 79 of 100
2021-06-17 14:46:51,578   loss: 0.600613  [    0/20000]
2021-06-17 14:47:07,610   loss: 0.456751  [ 1984/20000]
2021-06-17 14:47:25,163   loss: 0.415048  [ 3968/20000]
2021-06-17 14:47:42,630   loss: 0.620026  [ 5952/20000]
2021-06-17 14:47:58,773   loss: 0.485810  [ 7936/20000]
2021-06-17 14:48:16,383   loss: 0.437273  [ 9920/20000]
2021-06-17 14:48:32,649   loss: 0.379079  [11904/20000]
2021-06-17 14:48:50,277   loss: 0.414345  [13888/20000]
2021-06-17 14:49:06,555   loss: 0.484962  [15872/20000]
2021-06-17 14:49:24,153   loss: 0.498870  [17856/20000]
2021-06-17 14:49:41,526   loss: 0.427383  [19840/20000]
2021-06-17 14:49:42,416 testing, workout 80 of 100
2021-06-17 14:50:23,824 test accuracy: 73.5%, avg loss: 0.008432
2021-06-17 14:50:23,825 training, workout 81 of 100
2021-06-17 14:50:24,691   loss: 0.374469  [    0/20000]
2021-06-17 14:50:41,913   loss: 0.484815  [ 1984/20000]
2021-06-17 14:50:58,049   loss: 0.462476  [ 3968/20000]
2021-06-17 14:51:15,788   loss: 0.364846  [ 5952/20000]
2021-06-17 14:51:31,968   loss: 0.399889  [ 7936/20000]
2021-06-17 14:51:49,594   loss: 0.473464  [ 9920/20000]
2021-06-17 14:52:05,983   loss: 0.420582  [11904/20000]
2021-06-17 14:52:23,471   loss: 0.519123  [13888/20000]
2021-06-17 14:52:40,863   loss: 0.497211  [15872/20000]
2021-06-17 14:52:57,177   loss: 0.378354  [17856/20000]
2021-06-17 14:53:14,809   loss: 0.383978  [19840/20000]
2021-06-17 14:53:15,716 testing, workout 82 of 100
2021-06-17 14:53:57,564 test accuracy: 74.7%, avg loss: 0.008127
2021-06-17 14:53:57,564 training, workout 83 of 100
2021-06-17 14:53:58,430   loss: 0.409094  [    0/20000]
2021-06-17 14:54:15,675   loss: 0.493658  [ 1984/20000]
2021-06-17 14:54:31,904   loss: 0.489585  [ 3968/20000]
2021-06-17 14:54:49,424   loss: 0.432133  [ 5952/20000]
2021-06-17 14:55:05,810   loss: 0.490141  [ 7936/20000]
2021-06-17 14:55:23,506   loss: 0.467316  [ 9920/20000]
2021-06-17 14:55:41,013   loss: 0.369852  [11904/20000]
2021-06-17 14:55:57,305   loss: 0.460929  [13888/20000]
2021-06-17 14:56:15,086   loss: 0.391504  [15872/20000]
2021-06-17 14:56:31,397   loss: 0.424411  [17856/20000]
2021-06-17 14:56:48,902   loss: 0.432747  [19840/20000]
2021-06-17 14:56:49,799 testing, workout 84 of 100
2021-06-17 14:57:31,674 test accuracy: 72.4%, avg loss: 0.008724
2021-06-17 14:57:31,674 training, workout 85 of 100
2021-06-17 14:57:32,549   loss: 0.536614  [    0/20000]
2021-06-17 14:57:49,785   loss: 0.316235  [ 1984/20000]
2021-06-17 14:58:06,025   loss: 0.570343  [ 3968/20000]
2021-06-17 14:58:23,775   loss: 0.360515  [ 5952/20000]
2021-06-17 14:58:41,391   loss: 0.402769  [ 7936/20000]
2021-06-17 14:58:57,802   loss: 0.692484  [ 9920/20000]
2021-06-17 14:59:15,238   loss: 0.377633  [11904/20000]
2021-06-17 14:59:31,542   loss: 0.562814  [13888/20000]
2021-06-17 14:59:49,153   loss: 0.409158  [15872/20000]
2021-06-17 15:00:05,413   loss: 0.249389  [17856/20000]
2021-06-17 15:00:22,839   loss: 0.300353  [19840/20000]
2021-06-17 15:00:23,687 testing, workout 86 of 100
2021-06-17 15:01:05,842 test accuracy: 76.1%, avg loss: 0.007809
2021-06-17 15:01:05,842 training, workout 87 of 100
2021-06-17 15:01:06,699   loss: 0.536758  [    0/20000]
2021-06-17 15:01:24,037   loss: 0.367452  [ 1984/20000]
2021-06-17 15:01:41,502   loss: 0.388768  [ 3968/20000]
2021-06-17 15:01:57,760   loss: 0.424975  [ 5952/20000]
2021-06-17 15:02:15,270   loss: 0.470648  [ 7936/20000]
2021-06-17 15:02:31,565   loss: 0.439258  [ 9920/20000]
2021-06-17 15:02:49,189   loss: 0.435125  [11904/20000]
2021-06-17 15:03:05,444   loss: 0.479201  [13888/20000]
2021-06-17 15:03:23,059   loss: 0.429350  [15872/20000]
2021-06-17 15:03:40,406   loss: 0.424527  [17856/20000]
2021-06-17 15:03:56,769   loss: 0.563978  [19840/20000]
2021-06-17 15:03:57,686 testing, workout 88 of 100
2021-06-17 15:04:40,946 test accuracy: 74.7%, avg loss: 0.008185
2021-06-17 15:04:40,946 training, workout 89 of 100
2021-06-17 15:04:41,815   loss: 0.538898  [    0/20000]
2021-06-17 15:04:57,853   loss: 0.433654  [ 1984/20000]
2021-06-17 15:05:15,402   loss: 0.440836  [ 3968/20000]
2021-06-17 15:05:31,710   loss: 0.398147  [ 5952/20000]
2021-06-17 15:05:49,515   loss: 0.479839  [ 7936/20000]
2021-06-17 15:06:05,799   loss: 0.386077  [ 9920/20000]
2021-06-17 15:06:23,513   loss: 0.477463  [11904/20000]
2021-06-17 15:06:39,786   loss: 0.362807  [13888/20000]
2021-06-17 15:06:57,608   loss: 0.378995  [15872/20000]
2021-06-17 15:07:15,014   loss: 0.488758  [17856/20000]
2021-06-17 15:07:31,308   loss: 0.441599  [19840/20000]
2021-06-17 15:07:32,240 testing, workout 90 of 100
2021-06-17 15:08:15,762 test accuracy: 73.0%, avg loss: 0.008584
2021-06-17 15:08:15,762 training, workout 91 of 100
2021-06-17 15:08:16,643   loss: 0.460477  [    0/20000]
2021-06-17 15:08:32,674   loss: 0.553168  [ 1984/20000]
2021-06-17 15:08:50,134   loss: 0.409259  [ 3968/20000]
2021-06-17 15:09:06,323   loss: 0.341894  [ 5952/20000]
2021-06-17 15:09:23,940   loss: 0.330541  [ 7936/20000]
2021-06-17 15:09:40,345   loss: 0.373964  [ 9920/20000]
2021-06-17 15:09:58,069   loss: 0.375196  [11904/20000]
2021-06-17 15:10:15,455   loss: 0.416235  [13888/20000]
2021-06-17 15:10:31,836   loss: 0.541553  [15872/20000]
2021-06-17 15:10:49,327   loss: 0.468825  [17856/20000]
2021-06-17 15:11:05,522   loss: 0.416274  [19840/20000]
2021-06-17 15:11:06,460 testing, workout 92 of 100
2021-06-17 15:11:50,063 test accuracy: 73.9%, avg loss: 0.008414
2021-06-17 15:11:50,063 training, workout 93 of 100
2021-06-17 15:11:50,954   loss: 0.343681  [    0/20000]
2021-06-17 15:12:06,934   loss: 0.423836  [ 1984/20000]
2021-06-17 15:12:24,484   loss: 0.528859  [ 3968/20000]
2021-06-17 15:12:40,788   loss: 0.397419  [ 5952/20000]
2021-06-17 15:12:58,384   loss: 0.437272  [ 7936/20000]
2021-06-17 15:13:16,024   loss: 0.470536  [ 9920/20000]
2021-06-17 15:13:32,279   loss: 0.480759  [11904/20000]
2021-06-17 15:13:49,784   loss: 0.391133  [13888/20000]
2021-06-17 15:14:06,071   loss: 0.476925  [15872/20000]
2021-06-17 15:14:23,551   loss: 0.447671  [17856/20000]
2021-06-17 15:14:39,755   loss: 0.519852  [19840/20000]
2021-06-17 15:14:40,611 testing, workout 94 of 100
2021-06-17 15:15:23,802 test accuracy: 75.4%, avg loss: 0.008071
2021-06-17 15:15:23,802 training, workout 95 of 100
2021-06-17 15:15:24,700   loss: 0.349250  [    0/20000]
2021-06-17 15:15:40,739   loss: 0.417704  [ 1984/20000]
2021-06-17 15:15:58,094   loss: 0.474343  [ 3968/20000]
2021-06-17 15:16:15,587   loss: 0.382233  [ 5952/20000]
2021-06-17 15:16:32,103   loss: 0.308948  [ 7936/20000]
2021-06-17 15:16:49,822   loss: 0.439861  [ 9920/20000]
2021-06-17 15:17:06,178   loss: 0.549732  [11904/20000]
2021-06-17 15:17:23,613   loss: 0.339323  [13888/20000]
2021-06-17 15:17:39,887   loss: 0.406650  [15872/20000]
2021-06-17 15:17:57,406   loss: 0.407586  [17856/20000]
2021-06-17 15:18:13,721   loss: 0.306814  [19840/20000]
2021-06-17 15:18:15,746 testing, workout 96 of 100
2021-06-17 15:18:57,719 test accuracy: 76.2%, avg loss: 0.007837
2021-06-17 15:18:57,719 training, workout 97 of 100
2021-06-17 15:18:58,625   loss: 0.366611  [    0/20000]
2021-06-17 15:19:14,670   loss: 0.446103  [ 1984/20000]
2021-06-17 15:19:31,915   loss: 0.314908  [ 3968/20000]
2021-06-17 15:19:49,236   loss: 0.444576  [ 5952/20000]
2021-06-17 15:20:05,426   loss: 0.356222  [ 7936/20000]
2021-06-17 15:20:21,765   loss: 0.354421  [ 9920/20000]
2021-06-17 15:20:37,966   loss: 0.391836  [11904/20000]
2021-06-17 15:20:54,148   loss: 0.455802  [13888/20000]
2021-06-17 15:21:10,513   loss: 0.392915  [15872/20000]
2021-06-17 15:21:26,695   loss: 0.402539  [17856/20000]
2021-06-17 15:21:42,931   loss: 0.371590  [19840/20000]
2021-06-17 15:21:43,785 testing, workout 98 of 100
2021-06-17 15:22:20,574 test accuracy: 72.5%, avg loss: 0.009130
2021-06-17 15:22:20,575 training, workout 99 of 100
2021-06-17 15:22:21,373   loss: 0.378906  [    0/20000]
2021-06-17 15:22:37,406   loss: 0.446120  [ 1984/20000]
2021-06-17 15:22:53,528   loss: 0.306568  [ 3968/20000]
2021-06-17 15:23:09,731   loss: 0.320521  [ 5952/20000]
2021-06-17 15:23:25,893   loss: 0.315730  [ 7936/20000]
2021-06-17 15:23:42,161   loss: 0.394462  [ 9920/20000]
2021-06-17 15:23:58,568   loss: 0.303601  [11904/20000]
2021-06-17 15:24:14,747   loss: 0.397351  [13888/20000]
2021-06-17 15:24:31,129   loss: 0.436400  [15872/20000]
2021-06-17 15:24:47,429   loss: 0.279024  [17856/20000]
2021-06-17 15:25:03,590   loss: 0.346448  [19840/20000]
2021-06-17 15:25:04,424 testing, workout 100 of 100
2021-06-17 15:25:41,525 test accuracy: 76.7%, avg loss: 0.007622
