2021-06-17 12:35:50,648 Using cuda:1 device
2021-06-17 12:35:54,129 finished loading data and model
2021-06-17 12:35:55,763 training, workout 1 of 100
2021-06-17 12:35:56,967   loss: 6.915276  [    0/20000]
2021-06-17 12:36:13,243   loss: 0.866435  [ 1984/20000]
2021-06-17 12:36:29,255   loss: 0.762379  [ 3968/20000]
2021-06-17 12:36:45,268   loss: 0.797234  [ 5952/20000]
2021-06-17 12:37:01,350   loss: 0.821137  [ 7936/20000]
2021-06-17 12:37:17,485   loss: 0.759200  [ 9920/20000]
2021-06-17 12:37:33,877   loss: 0.805581  [11904/20000]
2021-06-17 12:37:50,355   loss: 0.798664  [13888/20000]
2021-06-17 12:38:06,738   loss: 0.727001  [15872/20000]
2021-06-17 12:38:23,203   loss: 0.928907  [17856/20000]
2021-06-17 12:38:39,741   loss: 0.773770  [19840/20000]
2021-06-17 12:38:40,638 testing, workout 2 of 100
2021-06-17 12:39:15,861 test accuracy: 50.0%, avg loss: 0.011741
2021-06-17 12:39:15,861 training, workout 3 of 100
2021-06-17 12:39:16,663   loss: 0.736313  [    0/20000]
2021-06-17 12:39:32,959   loss: 0.802200  [ 1984/20000]
2021-06-17 12:39:49,536   loss: 0.698362  [ 3968/20000]
2021-06-17 12:40:06,218   loss: 0.667200  [ 5952/20000]
2021-06-17 12:40:22,997   loss: 0.678906  [ 7936/20000]
2021-06-17 12:40:39,601   loss: 0.676694  [ 9920/20000]
2021-06-17 12:40:56,118   loss: 0.694981  [11904/20000]
2021-06-17 12:41:12,809   loss: 0.718894  [13888/20000]
2021-06-17 12:41:29,664   loss: 0.657173  [15872/20000]
2021-06-17 12:41:46,236   loss: 0.745909  [17856/20000]
2021-06-17 12:42:03,007   loss: 0.725208  [19840/20000]
2021-06-17 12:42:03,863 testing, workout 4 of 100
2021-06-17 12:42:39,050 test accuracy: 59.1%, avg loss: 0.010751
2021-06-17 12:42:39,051 training, workout 5 of 100
2021-06-17 12:42:39,889   loss: 0.666653  [    0/20000]
2021-06-17 12:42:56,154   loss: 0.646160  [ 1984/20000]
2021-06-17 12:43:12,898   loss: 0.702064  [ 3968/20000]
2021-06-17 12:43:29,732   loss: 0.731367  [ 5952/20000]
2021-06-17 12:43:46,727   loss: 0.680670  [ 7936/20000]
2021-06-17 12:44:03,424   loss: 0.749598  [ 9920/20000]
2021-06-17 12:44:20,261   loss: 0.693338  [11904/20000]
2021-06-17 12:44:36,931   loss: 0.712784  [13888/20000]
2021-06-17 12:44:53,835   loss: 0.656396  [15872/20000]
2021-06-17 12:45:10,574   loss: 0.760427  [17856/20000]
2021-06-17 12:45:27,427   loss: 0.760116  [19840/20000]
2021-06-17 12:45:28,288 testing, workout 6 of 100
2021-06-17 12:46:03,833 test accuracy: 52.1%, avg loss: 0.011153
2021-06-17 12:46:03,833 training, workout 7 of 100
2021-06-17 12:46:04,663   loss: 0.701243  [    0/20000]
2021-06-17 12:46:20,992   loss: 0.688703  [ 1984/20000]
2021-06-17 12:46:37,689   loss: 0.691020  [ 3968/20000]
2021-06-17 12:46:54,557   loss: 0.672137  [ 5952/20000]
2021-06-17 12:47:11,411   loss: 0.675986  [ 7936/20000]
2021-06-17 12:47:28,217   loss: 0.640587  [ 9920/20000]
2021-06-17 12:47:44,897   loss: 0.732098  [11904/20000]
2021-06-17 12:48:01,622   loss: 0.676601  [13888/20000]
2021-06-17 12:48:18,515   loss: 0.678234  [15872/20000]
2021-06-17 12:48:35,176   loss: 0.650965  [17856/20000]
2021-06-17 12:48:51,879   loss: 0.814393  [19840/20000]
2021-06-17 12:48:52,783 testing, workout 8 of 100
2021-06-17 12:49:28,372 test accuracy: 50.2%, avg loss: 0.011489
2021-06-17 12:49:28,372 training, workout 9 of 100
2021-06-17 12:49:29,222   loss: 0.722166  [    0/20000]
2021-06-17 12:49:45,648   loss: 0.641873  [ 1984/20000]
2021-06-17 12:50:02,458   loss: 0.688578  [ 3968/20000]
2021-06-17 12:50:19,238   loss: 0.734817  [ 5952/20000]
2021-06-17 12:50:36,111   loss: 0.725960  [ 7936/20000]
2021-06-17 12:50:52,919   loss: 0.779494  [ 9920/20000]
2021-06-17 12:51:09,607   loss: 0.656277  [11904/20000]
2021-06-17 12:51:26,336   loss: 0.661835  [13888/20000]
2021-06-17 12:51:43,108   loss: 0.704232  [15872/20000]
2021-06-17 12:51:59,929   loss: 0.698394  [17856/20000]
2021-06-17 12:52:16,778   loss: 0.807279  [19840/20000]
2021-06-17 12:52:17,641 testing, workout 10 of 100
2021-06-17 12:52:53,127 test accuracy: 62.1%, avg loss: 0.010397
2021-06-17 12:52:53,127 training, workout 11 of 100
2021-06-17 12:52:53,959   loss: 0.657007  [    0/20000]
2021-06-17 12:53:10,271   loss: 0.698815  [ 1984/20000]
2021-06-17 12:53:27,105   loss: 0.691647  [ 3968/20000]
2021-06-17 12:53:43,915   loss: 0.688717  [ 5952/20000]
2021-06-17 12:54:00,723   loss: 0.717973  [ 7936/20000]
2021-06-17 12:54:17,520   loss: 0.642078  [ 9920/20000]
2021-06-17 12:54:34,310   loss: 0.667584  [11904/20000]
2021-06-17 12:54:51,086   loss: 0.679854  [13888/20000]
2021-06-17 12:55:07,973   loss: 0.701757  [15872/20000]
2021-06-17 12:55:24,654   loss: 0.651707  [17856/20000]
2021-06-17 12:55:41,477   loss: 0.677244  [19840/20000]
2021-06-17 12:55:42,334 testing, workout 12 of 100
2021-06-17 12:56:17,674 test accuracy: 52.1%, avg loss: 0.011373
2021-06-17 12:56:17,674 training, workout 13 of 100
2021-06-17 12:56:18,513   loss: 0.699221  [    0/20000]
2021-06-17 12:56:34,881   loss: 0.746365  [ 1984/20000]
2021-06-17 12:56:51,779   loss: 0.670323  [ 3968/20000]
2021-06-17 12:57:08,752   loss: 0.625221  [ 5952/20000]
2021-06-17 12:57:25,662   loss: 0.630970  [ 7936/20000]
2021-06-17 12:57:42,467   loss: 0.641445  [ 9920/20000]
2021-06-17 12:57:59,294   loss: 0.710212  [11904/20000]
2021-06-17 12:58:16,154   loss: 0.655902  [13888/20000]
2021-06-17 12:58:33,074   loss: 0.651557  [15872/20000]
2021-06-17 12:58:49,701   loss: 0.678578  [17856/20000]
2021-06-17 12:59:06,537   loss: 0.620612  [19840/20000]
2021-06-17 12:59:07,420 testing, workout 14 of 100
2021-06-17 12:59:42,993 test accuracy: 63.1%, avg loss: 0.010191
2021-06-17 12:59:42,993 training, workout 15 of 100
2021-06-17 12:59:43,821   loss: 0.682389  [    0/20000]
2021-06-17 13:00:00,159   loss: 0.627352  [ 1984/20000]
2021-06-17 13:00:16,871   loss: 0.652617  [ 3968/20000]
2021-06-17 13:00:33,877   loss: 0.663695  [ 5952/20000]
2021-06-17 13:00:50,718   loss: 0.654040  [ 7936/20000]
2021-06-17 13:01:07,483   loss: 0.696342  [ 9920/20000]
2021-06-17 13:01:24,428   loss: 0.601350  [11904/20000]
2021-06-17 13:01:41,160   loss: 0.838148  [13888/20000]
2021-06-17 13:01:58,022   loss: 0.631612  [15872/20000]
2021-06-17 13:02:14,726   loss: 0.732707  [17856/20000]
2021-06-17 13:02:31,453   loss: 0.611321  [19840/20000]
2021-06-17 13:02:32,336 testing, workout 16 of 100
2021-06-17 13:03:13,845 test accuracy: 57.1%, avg loss: 0.010804
2021-06-17 13:03:13,845 training, workout 17 of 100
2021-06-17 13:03:14,753   loss: 0.666059  [    0/20000]
2021-06-17 13:03:31,415   loss: 0.622554  [ 1984/20000]
2021-06-17 13:03:48,406   loss: 0.735995  [ 3968/20000]
2021-06-17 13:04:05,493   loss: 0.623402  [ 5952/20000]
2021-06-17 13:04:22,453   loss: 0.614904  [ 7936/20000]
2021-06-17 13:04:39,318   loss: 0.652085  [ 9920/20000]
2021-06-17 13:04:56,212   loss: 0.644104  [11904/20000]
2021-06-17 13:05:13,001   loss: 0.650138  [13888/20000]
2021-06-17 13:05:29,987   loss: 0.638311  [15872/20000]
2021-06-17 13:05:47,003   loss: 0.625758  [17856/20000]
2021-06-17 13:06:03,863   loss: 0.665920  [19840/20000]
2021-06-17 13:06:04,794 testing, workout 18 of 100
2021-06-17 13:06:45,552 test accuracy: 59.0%, avg loss: 0.010674
2021-06-17 13:06:45,553 training, workout 19 of 100
2021-06-17 13:06:46,441   loss: 0.702502  [    0/20000]
2021-06-17 13:07:03,078   loss: 0.708511  [ 1984/20000]
2021-06-17 13:07:20,046   loss: 0.604048  [ 3968/20000]
2021-06-17 13:07:37,020   loss: 0.664556  [ 5952/20000]
2021-06-17 13:07:53,892   loss: 0.606409  [ 7936/20000]
2021-06-17 13:08:10,704   loss: 0.647881  [ 9920/20000]
2021-06-17 13:08:27,805   loss: 0.602486  [11904/20000]
2021-06-17 13:08:44,616   loss: 0.592106  [13888/20000]
2021-06-17 13:09:01,660   loss: 0.531546  [15872/20000]
2021-06-17 13:09:18,382   loss: 0.707136  [17856/20000]
2021-06-17 13:09:35,347   loss: 0.606116  [19840/20000]
2021-06-17 13:09:36,307 testing, workout 20 of 100
2021-06-17 13:10:17,671 test accuracy: 61.1%, avg loss: 0.010368
2021-06-17 13:10:17,671 training, workout 21 of 100
2021-06-17 13:10:18,608   loss: 0.655735  [    0/20000]
2021-06-17 13:10:35,228   loss: 0.573813  [ 1984/20000]
2021-06-17 13:10:52,314   loss: 0.658978  [ 3968/20000]
2021-06-17 13:11:09,190   loss: 0.618491  [ 5952/20000]
2021-06-17 13:11:26,101   loss: 0.625235  [ 7936/20000]
2021-06-17 13:11:43,071   loss: 0.622679  [ 9920/20000]
2021-06-17 13:12:00,006   loss: 0.633026  [11904/20000]
2021-06-17 13:12:16,886   loss: 0.600463  [13888/20000]
2021-06-17 13:12:33,689   loss: 0.603812  [15872/20000]
2021-06-17 13:12:50,760   loss: 0.822823  [17856/20000]
2021-06-17 13:13:07,759   loss: 0.663249  [19840/20000]
2021-06-17 13:13:08,687 testing, workout 22 of 100
2021-06-17 13:13:49,836 test accuracy: 64.7%, avg loss: 0.009884
2021-06-17 13:13:49,836 training, workout 23 of 100
2021-06-17 13:13:50,709   loss: 0.613353  [    0/20000]
2021-06-17 13:14:07,291   loss: 0.687806  [ 1984/20000]
2021-06-17 13:14:24,129   loss: 0.639476  [ 3968/20000]
2021-06-17 13:14:41,275   loss: 0.620990  [ 5952/20000]
2021-06-17 13:14:58,278   loss: 0.623663  [ 7936/20000]
2021-06-17 13:15:15,250   loss: 0.632206  [ 9920/20000]
2021-06-17 13:15:32,384   loss: 0.609621  [11904/20000]
2021-06-17 13:15:49,197   loss: 0.590519  [13888/20000]
2021-06-17 13:16:06,018   loss: 0.593236  [15872/20000]
2021-06-17 13:16:23,059   loss: 0.616739  [17856/20000]
2021-06-17 13:16:39,964   loss: 0.704912  [19840/20000]
2021-06-17 13:16:40,964 testing, workout 24 of 100
2021-06-17 13:17:22,729 test accuracy: 65.6%, avg loss: 0.009764
2021-06-17 13:17:22,729 training, workout 25 of 100
2021-06-17 13:17:23,595   loss: 0.599470  [    0/20000]
2021-06-17 13:17:40,040   loss: 0.618230  [ 1984/20000]
2021-06-17 13:17:57,184   loss: 0.628752  [ 3968/20000]
2021-06-17 13:18:14,078   loss: 0.632532  [ 5952/20000]
2021-06-17 13:18:31,232   loss: 0.636588  [ 7936/20000]
2021-06-17 13:18:48,390   loss: 0.577845  [ 9920/20000]
2021-06-17 13:19:05,320   loss: 0.572621  [11904/20000]
2021-06-17 13:19:22,146   loss: 0.594020  [13888/20000]
2021-06-17 13:19:39,150   loss: 0.587135  [15872/20000]
2021-06-17 13:19:56,228   loss: 0.703973  [17856/20000]
2021-06-17 13:20:12,942   loss: 0.562685  [19840/20000]
2021-06-17 13:20:14,194 testing, workout 26 of 100
2021-06-17 13:20:55,117 test accuracy: 66.0%, avg loss: 0.009674
2021-06-17 13:20:55,117 training, workout 27 of 100
2021-06-17 13:20:56,014   loss: 0.616362  [    0/20000]
2021-06-17 13:21:12,625   loss: 0.668471  [ 1984/20000]
2021-06-17 13:21:29,566   loss: 0.648675  [ 3968/20000]
2021-06-17 13:21:46,553   loss: 0.589010  [ 5952/20000]
2021-06-17 13:22:03,503   loss: 0.676212  [ 7936/20000]
2021-06-17 13:22:20,350   loss: 0.601126  [ 9920/20000]
2021-06-17 13:22:37,434   loss: 0.585524  [11904/20000]
2021-06-17 13:22:54,346   loss: 0.612084  [13888/20000]
2021-06-17 13:23:11,443   loss: 0.599770  [15872/20000]
2021-06-17 13:23:28,375   loss: 0.639625  [17856/20000]
2021-06-17 13:23:45,334   loss: 0.682983  [19840/20000]
2021-06-17 13:23:46,275 testing, workout 28 of 100
2021-06-17 13:24:27,618 test accuracy: 62.4%, avg loss: 0.010276
2021-06-17 13:24:27,618 training, workout 29 of 100
2021-06-17 13:24:28,497   loss: 0.654076  [    0/20000]
2021-06-17 13:24:45,125   loss: 0.637151  [ 1984/20000]
2021-06-17 13:25:01,957   loss: 0.620390  [ 3968/20000]
2021-06-17 13:25:19,039   loss: 0.706223  [ 5952/20000]
2021-06-17 13:25:35,904   loss: 0.564225  [ 7936/20000]
2021-06-17 13:25:52,862   loss: 0.632292  [ 9920/20000]
2021-06-17 13:26:09,939   loss: 0.610136  [11904/20000]
2021-06-17 13:26:26,800   loss: 0.833411  [13888/20000]
2021-06-17 13:26:43,551   loss: 0.554630  [15872/20000]
2021-06-17 13:27:00,539   loss: 0.633850  [17856/20000]
2021-06-17 13:27:17,538   loss: 0.590326  [19840/20000]
2021-06-17 13:27:18,450 testing, workout 30 of 100
2021-06-17 13:28:00,128 test accuracy: 67.3%, avg loss: 0.009522
2021-06-17 13:28:00,129 training, workout 31 of 100
2021-06-17 13:28:01,050   loss: 0.611843  [    0/20000]
2021-06-17 13:28:17,483   loss: 0.628018  [ 1984/20000]
2021-06-17 13:28:34,394   loss: 0.682662  [ 3968/20000]
2021-06-17 13:28:51,545   loss: 0.508004  [ 5952/20000]
2021-06-17 13:29:08,352   loss: 0.663302  [ 7936/20000]
2021-06-17 13:29:25,216   loss: 0.541772  [ 9920/20000]
2021-06-17 13:29:41,977   loss: 0.612141  [11904/20000]
2021-06-17 13:29:58,943   loss: 0.553719  [13888/20000]
2021-06-17 13:30:15,615   loss: 0.716861  [15872/20000]
2021-06-17 13:30:32,330   loss: 0.632554  [17856/20000]
2021-06-17 13:30:49,075   loss: 0.645414  [19840/20000]
2021-06-17 13:30:49,938 testing, workout 32 of 100
2021-06-17 13:31:27,249 test accuracy: 68.2%, avg loss: 0.009443
2021-06-17 13:31:27,249 training, workout 33 of 100
2021-06-17 13:31:28,066   loss: 0.598697  [    0/20000]
2021-06-17 13:31:44,397   loss: 0.586442  [ 1984/20000]
2021-06-17 13:32:01,231   loss: 0.603969  [ 3968/20000]
2021-06-17 13:32:18,150   loss: 0.610572  [ 5952/20000]
2021-06-17 13:32:35,040   loss: 0.608639  [ 7936/20000]
2021-06-17 13:32:51,841   loss: 0.574799  [ 9920/20000]
2021-06-17 13:33:08,589   loss: 0.604468  [11904/20000]
2021-06-17 13:33:25,367   loss: 0.594388  [13888/20000]
2021-06-17 13:33:42,081   loss: 0.609408  [15872/20000]
2021-06-17 13:33:58,780   loss: 0.634840  [17856/20000]
2021-06-17 13:34:15,453   loss: 0.567146  [19840/20000]
2021-06-17 13:34:16,308 testing, workout 34 of 100
2021-06-17 13:34:53,463 test accuracy: 65.5%, avg loss: 0.009888
2021-06-17 13:34:53,464 training, workout 35 of 100
2021-06-17 13:34:54,321   loss: 0.651381  [    0/20000]
2021-06-17 13:35:10,646   loss: 0.563695  [ 1984/20000]
2021-06-17 13:35:27,544   loss: 0.537556  [ 3968/20000]
2021-06-17 13:35:44,323   loss: 0.560249  [ 5952/20000]
2021-06-17 13:36:01,184   loss: 0.571187  [ 7936/20000]
2021-06-17 13:36:18,014   loss: 0.599296  [ 9920/20000]
2021-06-17 13:36:34,760   loss: 0.602236  [11904/20000]
2021-06-17 13:36:51,579   loss: 0.550026  [13888/20000]
2021-06-17 13:37:08,409   loss: 0.654939  [15872/20000]
2021-06-17 13:37:25,087   loss: 0.631003  [17856/20000]
2021-06-17 13:37:41,777   loss: 0.551864  [19840/20000]
2021-06-17 13:37:42,670 testing, workout 36 of 100
2021-06-17 13:38:20,560 test accuracy: 57.7%, avg loss: 0.011437
2021-06-17 13:38:20,560 training, workout 37 of 100
2021-06-17 13:38:21,425   loss: 0.654774  [    0/20000]
2021-06-17 13:38:37,759   loss: 0.575758  [ 1984/20000]
2021-06-17 13:38:54,716   loss: 0.626105  [ 3968/20000]
2021-06-17 13:39:11,525   loss: 0.490967  [ 5952/20000]
2021-06-17 13:39:28,347   loss: 0.581076  [ 7936/20000]
2021-06-17 13:39:45,189   loss: 0.617529  [ 9920/20000]
2021-06-17 13:40:01,964   loss: 0.560337  [11904/20000]
2021-06-17 13:40:18,701   loss: 0.678710  [13888/20000]
2021-06-17 13:40:35,394   loss: 0.611433  [15872/20000]
2021-06-17 13:40:52,095   loss: 0.625090  [17856/20000]
2021-06-17 13:41:08,846   loss: 0.646756  [19840/20000]
2021-06-17 13:41:09,742 testing, workout 38 of 100
2021-06-17 13:41:47,240 test accuracy: 68.6%, avg loss: 0.009372
2021-06-17 13:41:47,240 training, workout 39 of 100
2021-06-17 13:41:48,123   loss: 0.613921  [    0/20000]
2021-06-17 13:42:04,521   loss: 0.626102  [ 1984/20000]
2021-06-17 13:42:21,315   loss: 0.592689  [ 3968/20000]
2021-06-17 13:42:38,123   loss: 0.524587  [ 5952/20000]
2021-06-17 13:42:54,996   loss: 0.514129  [ 7936/20000]
2021-06-17 13:43:11,832   loss: 0.624315  [ 9920/20000]
2021-06-17 13:43:28,588   loss: 0.582946  [11904/20000]
2021-06-17 13:43:45,279   loss: 0.614963  [13888/20000]
2021-06-17 13:44:01,911   loss: 0.644739  [15872/20000]
2021-06-17 13:44:18,609   loss: 0.574223  [17856/20000]
2021-06-17 13:44:35,366   loss: 0.678634  [19840/20000]
2021-06-17 13:44:36,229 testing, workout 40 of 100
2021-06-17 13:45:13,891 test accuracy: 69.9%, avg loss: 0.008994
2021-06-17 13:45:13,891 training, workout 41 of 100
2021-06-17 13:45:14,755   loss: 0.582954  [    0/20000]
2021-06-17 13:45:31,096   loss: 0.624449  [ 1984/20000]
2021-06-17 13:45:47,803   loss: 0.513751  [ 3968/20000]
2021-06-17 13:46:04,838   loss: 0.707463  [ 5952/20000]
2021-06-17 13:46:21,730   loss: 0.591506  [ 7936/20000]
2021-06-17 13:46:38,502   loss: 0.660294  [ 9920/20000]
2021-06-17 13:46:55,365   loss: 0.568819  [11904/20000]
2021-06-17 13:47:12,167   loss: 0.552077  [13888/20000]
2021-06-17 13:47:28,880   loss: 0.580578  [15872/20000]
2021-06-17 13:47:45,791   loss: 0.518179  [17856/20000]
2021-06-17 13:48:02,584   loss: 0.512441  [19840/20000]
2021-06-17 13:48:03,472 testing, workout 42 of 100
2021-06-17 13:48:40,780 test accuracy: 71.4%, avg loss: 0.008831
2021-06-17 13:48:40,780 training, workout 43 of 100
2021-06-17 13:48:41,618   loss: 0.534591  [    0/20000]
2021-06-17 13:48:57,964   loss: 0.489329  [ 1984/20000]
2021-06-17 13:49:14,724   loss: 0.609947  [ 3968/20000]
2021-06-17 13:49:31,518   loss: 0.540999  [ 5952/20000]
2021-06-17 13:49:48,351   loss: 0.569295  [ 7936/20000]
2021-06-17 13:50:05,211   loss: 0.587338  [ 9920/20000]
2021-06-17 13:50:21,942   loss: 0.597898  [11904/20000]
2021-06-17 13:50:38,649   loss: 0.607577  [13888/20000]
2021-06-17 13:50:55,426   loss: 0.605852  [15872/20000]
2021-06-17 13:51:12,087   loss: 0.658595  [17856/20000]
2021-06-17 13:51:28,832   loss: 0.617805  [19840/20000]
2021-06-17 13:51:29,689 testing, workout 44 of 100
2021-06-17 13:52:06,954 test accuracy: 71.4%, avg loss: 0.008774
2021-06-17 13:52:06,954 training, workout 45 of 100
2021-06-17 13:52:07,816   loss: 0.470992  [    0/20000]
2021-06-17 13:52:24,296   loss: 0.595890  [ 1984/20000]
2021-06-17 13:52:41,083   loss: 0.558508  [ 3968/20000]
2021-06-17 13:52:57,884   loss: 0.463414  [ 5952/20000]
2021-06-17 13:53:14,698   loss: 0.556250  [ 7936/20000]
2021-06-17 13:53:31,538   loss: 0.554525  [ 9920/20000]
2021-06-17 13:53:48,262   loss: 0.533221  [11904/20000]
2021-06-17 13:54:04,953   loss: 0.479274  [13888/20000]
2021-06-17 13:54:21,566   loss: 0.503214  [15872/20000]
2021-06-17 13:54:38,295   loss: 0.607598  [17856/20000]
2021-06-17 13:54:55,072   loss: 0.575337  [19840/20000]
2021-06-17 13:54:55,967 testing, workout 46 of 100
2021-06-17 13:55:33,344 test accuracy: 68.0%, avg loss: 0.009332
2021-06-17 13:55:33,344 training, workout 47 of 100
2021-06-17 13:55:34,196   loss: 0.608927  [    0/20000]
2021-06-17 13:55:50,656   loss: 0.549186  [ 1984/20000]
2021-06-17 13:56:07,521   loss: 0.537640  [ 3968/20000]
2021-06-17 13:56:24,402   loss: 0.543310  [ 5952/20000]
2021-06-17 13:56:41,296   loss: 0.618755  [ 7936/20000]
2021-06-17 13:56:58,054   loss: 0.818480  [ 9920/20000]
2021-06-17 13:57:14,819   loss: 0.582454  [11904/20000]
2021-06-17 13:57:31,711   loss: 0.466313  [13888/20000]
2021-06-17 13:57:48,425   loss: 0.534826  [15872/20000]
2021-06-17 13:58:05,126   loss: 0.561624  [17856/20000]
2021-06-17 13:58:21,889   loss: 0.591496  [19840/20000]
2021-06-17 13:58:22,818 testing, workout 48 of 100
2021-06-17 13:58:59,917 test accuracy: 71.1%, avg loss: 0.008638
2021-06-17 13:58:59,917 training, workout 49 of 100
2021-06-17 13:59:00,790   loss: 0.532875  [    0/20000]
2021-06-17 13:59:17,096   loss: 0.603714  [ 1984/20000]
2021-06-17 13:59:33,832   loss: 0.517649  [ 3968/20000]
2021-06-17 13:59:50,669   loss: 0.646545  [ 5952/20000]
2021-06-17 14:00:07,565   loss: 0.660725  [ 7936/20000]
2021-06-17 14:00:24,303   loss: 0.602254  [ 9920/20000]
2021-06-17 14:00:41,093   loss: 0.480121  [11904/20000]
2021-06-17 14:00:57,891   loss: 0.533778  [13888/20000]
2021-06-17 14:01:14,582   loss: 0.557151  [15872/20000]
2021-06-17 14:01:31,303   loss: 0.481879  [17856/20000]
2021-06-17 14:01:47,985   loss: 0.449157  [19840/20000]
2021-06-17 14:01:48,841 testing, workout 50 of 100
2021-06-17 14:02:25,799 test accuracy: 71.9%, avg loss: 0.008572
2021-06-17 14:02:25,799 training, workout 51 of 100
2021-06-17 14:02:26,647   loss: 0.526382  [    0/20000]
2021-06-17 14:02:42,997   loss: 0.469466  [ 1984/20000]
2021-06-17 14:02:59,731   loss: 0.561978  [ 3968/20000]
2021-06-17 14:03:16,638   loss: 0.541858  [ 5952/20000]
2021-06-17 14:03:33,451   loss: 0.606791  [ 7936/20000]
2021-06-17 14:03:50,261   loss: 0.588854  [ 9920/20000]
2021-06-17 14:04:06,979   loss: 0.560425  [11904/20000]
2021-06-17 14:04:23,784   loss: 0.508699  [13888/20000]
2021-06-17 14:04:40,588   loss: 0.541794  [15872/20000]
2021-06-17 14:04:57,223   loss: 0.568022  [17856/20000]
2021-06-17 14:05:14,000   loss: 0.531221  [19840/20000]
2021-06-17 14:05:14,887 testing, workout 52 of 100
2021-06-17 14:05:52,096 test accuracy: 72.7%, avg loss: 0.008460
2021-06-17 14:05:52,096 training, workout 53 of 100
2021-06-17 14:05:52,957   loss: 0.541780  [    0/20000]
2021-06-17 14:06:09,262   loss: 0.515912  [ 1984/20000]
2021-06-17 14:06:26,030   loss: 0.707504  [ 3968/20000]
2021-06-17 14:06:43,064   loss: 0.600667  [ 5952/20000]
2021-06-17 14:06:59,763   loss: 0.596791  [ 7936/20000]
2021-06-17 14:07:16,617   loss: 0.552461  [ 9920/20000]
2021-06-17 14:07:33,372   loss: 0.451052  [11904/20000]
2021-06-17 14:07:50,147   loss: 0.416616  [13888/20000]
2021-06-17 14:08:06,830   loss: 0.507128  [15872/20000]
2021-06-17 14:08:23,592   loss: 0.443574  [17856/20000]
2021-06-17 14:08:40,378   loss: 0.499152  [19840/20000]
2021-06-17 14:08:41,279 testing, workout 54 of 100
2021-06-17 14:09:18,577 test accuracy: 70.4%, avg loss: 0.009115
2021-06-17 14:09:18,578 training, workout 55 of 100
2021-06-17 14:09:19,423   loss: 0.571935  [    0/20000]
2021-06-17 14:09:35,715   loss: 0.434486  [ 1984/20000]
2021-06-17 14:09:52,474   loss: 0.466821  [ 3968/20000]
2021-06-17 14:10:09,201   loss: 0.463374  [ 5952/20000]
2021-06-17 14:10:26,106   loss: 0.546385  [ 7936/20000]
2021-06-17 14:10:42,780   loss: 0.560714  [ 9920/20000]
2021-06-17 14:10:59,641   loss: 0.499651  [11904/20000]
2021-06-17 14:11:16,317   loss: 0.569445  [13888/20000]
2021-06-17 14:11:33,031   loss: 0.625176  [15872/20000]
2021-06-17 14:11:49,921   loss: 0.580258  [17856/20000]
2021-06-17 14:12:06,648   loss: 0.510236  [19840/20000]
2021-06-17 14:12:07,559 testing, workout 56 of 100
2021-06-17 14:12:44,686 test accuracy: 73.2%, avg loss: 0.008348
2021-06-17 14:12:44,686 training, workout 57 of 100
2021-06-17 14:12:45,550   loss: 0.430339  [    0/20000]
2021-06-17 14:13:01,976   loss: 0.616916  [ 1984/20000]
2021-06-17 14:13:18,725   loss: 0.522193  [ 3968/20000]
2021-06-17 14:13:35,606   loss: 0.602165  [ 5952/20000]
2021-06-17 14:13:52,423   loss: 0.527676  [ 7936/20000]
2021-06-17 14:14:09,160   loss: 0.495206  [ 9920/20000]
2021-06-17 14:14:25,836   loss: 0.488858  [11904/20000]
2021-06-17 14:14:42,568   loss: 0.618950  [13888/20000]
2021-06-17 14:14:59,362   loss: 0.527388  [15872/20000]
2021-06-17 14:15:16,430   loss: 0.531376  [17856/20000]
2021-06-17 14:15:33,141   loss: 0.503201  [19840/20000]
2021-06-17 14:15:34,044 testing, workout 58 of 100
2021-06-17 14:16:11,173 test accuracy: 66.8%, avg loss: 0.010015
2021-06-17 14:16:11,174 training, workout 59 of 100
2021-06-17 14:16:12,026   loss: 0.593302  [    0/20000]
2021-06-17 14:16:28,371   loss: 0.561740  [ 1984/20000]
2021-06-17 14:16:45,188   loss: 0.552456  [ 3968/20000]
2021-06-17 14:17:01,950   loss: 0.549779  [ 5952/20000]
2021-06-17 14:17:18,773   loss: 0.483033  [ 7936/20000]
2021-06-17 14:17:35,597   loss: 0.568574  [ 9920/20000]
2021-06-17 14:17:52,322   loss: 0.551876  [11904/20000]
2021-06-17 14:18:09,037   loss: 0.647008  [13888/20000]
2021-06-17 14:18:25,661   loss: 0.575992  [15872/20000]
2021-06-17 14:18:42,352   loss: 0.400422  [17856/20000]
2021-06-17 14:18:59,161   loss: 0.514065  [19840/20000]
2021-06-17 14:19:00,049 testing, workout 60 of 100
2021-06-17 14:19:36,671 test accuracy: 73.8%, avg loss: 0.008222
2021-06-17 14:19:36,671 training, workout 61 of 100
2021-06-17 14:19:37,510   loss: 0.480161  [    0/20000]
2021-06-17 14:19:53,841   loss: 0.451929  [ 1984/20000]
2021-06-17 14:20:10,620   loss: 0.490137  [ 3968/20000]
2021-06-17 14:20:27,545   loss: 0.478151  [ 5952/20000]
2021-06-17 14:20:44,498   loss: 0.392914  [ 7936/20000]
2021-06-17 14:21:01,414   loss: 0.460623  [ 9920/20000]
2021-06-17 14:21:18,126   loss: 0.579514  [11904/20000]
2021-06-17 14:21:34,933   loss: 0.566020  [13888/20000]
2021-06-17 14:21:51,681   loss: 0.453239  [15872/20000]
2021-06-17 14:22:08,418   loss: 0.485108  [17856/20000]
2021-06-17 14:22:25,095   loss: 0.404604  [19840/20000]
2021-06-17 14:22:25,950 testing, workout 62 of 100
2021-06-17 14:23:02,714 test accuracy: 71.9%, avg loss: 0.008783
2021-06-17 14:23:02,715 training, workout 63 of 100
2021-06-17 14:23:03,617   loss: 0.577875  [    0/20000]
2021-06-17 14:23:20,119   loss: 0.462658  [ 1984/20000]
2021-06-17 14:23:36,883   loss: 0.493168  [ 3968/20000]
2021-06-17 14:23:53,691   loss: 0.463281  [ 5952/20000]
2021-06-17 14:24:10,464   loss: 0.545632  [ 7936/20000]
2021-06-17 14:24:27,374   loss: 0.486050  [ 9920/20000]
2021-06-17 14:24:44,136   loss: 0.471820  [11904/20000]
2021-06-17 14:25:00,902   loss: 0.509150  [13888/20000]
2021-06-17 14:25:17,559   loss: 0.494966  [15872/20000]
2021-06-17 14:25:34,355   loss: 0.510657  [17856/20000]
2021-06-17 14:25:51,010   loss: 0.528066  [19840/20000]
2021-06-17 14:25:51,875 testing, workout 64 of 100
2021-06-17 14:26:28,184 test accuracy: 73.0%, avg loss: 0.008366
2021-06-17 14:26:28,184 training, workout 65 of 100
2021-06-17 14:26:28,983   loss: 0.455344  [    0/20000]
2021-06-17 14:26:45,323   loss: 0.454891  [ 1984/20000]
2021-06-17 14:27:02,003   loss: 0.557625  [ 3968/20000]
2021-06-17 14:27:18,929   loss: 0.417297  [ 5952/20000]
2021-06-17 14:27:35,687   loss: 0.525961  [ 7936/20000]
2021-06-17 14:27:52,629   loss: 0.605871  [ 9920/20000]
2021-06-17 14:28:09,332   loss: 0.518698  [11904/20000]
2021-06-17 14:28:26,064   loss: 0.414665  [13888/20000]
2021-06-17 14:28:43,107   loss: 0.419777  [15872/20000]
2021-06-17 14:28:59,725   loss: 0.590380  [17856/20000]
2021-06-17 14:29:16,441   loss: 0.519323  [19840/20000]
2021-06-17 14:29:17,295 testing, workout 66 of 100
2021-06-17 14:29:54,277 test accuracy: 74.8%, avg loss: 0.008077
2021-06-17 14:29:54,277 training, workout 67 of 100
2021-06-17 14:29:55,106   loss: 0.454639  [    0/20000]
2021-06-17 14:30:11,372   loss: 0.416563  [ 1984/20000]
2021-06-17 14:30:28,209   loss: 0.464787  [ 3968/20000]
2021-06-17 14:30:44,951   loss: 0.401538  [ 5952/20000]
2021-06-17 14:31:01,921   loss: 0.617144  [ 7936/20000]
2021-06-17 14:31:18,701   loss: 0.477608  [ 9920/20000]
2021-06-17 14:31:35,401   loss: 0.395747  [11904/20000]
2021-06-17 14:31:52,189   loss: 0.389368  [13888/20000]
2021-06-17 14:32:08,972   loss: 0.417111  [15872/20000]
2021-06-17 14:32:25,699   loss: 0.396310  [17856/20000]
2021-06-17 14:32:42,398   loss: 0.442138  [19840/20000]
2021-06-17 14:32:43,259 testing, workout 68 of 100
2021-06-17 14:33:19,315 test accuracy: 71.8%, avg loss: 0.008594
2021-06-17 14:33:19,315 training, workout 69 of 100
2021-06-17 14:33:20,162   loss: 0.536504  [    0/20000]
2021-06-17 14:33:36,524   loss: 0.518484  [ 1984/20000]
2021-06-17 14:33:53,256   loss: 0.392346  [ 3968/20000]
2021-06-17 14:34:10,083   loss: 0.502990  [ 5952/20000]
2021-06-17 14:34:26,926   loss: 0.628899  [ 7936/20000]
2021-06-17 14:34:43,753   loss: 0.558269  [ 9920/20000]
2021-06-17 14:35:00,441   loss: 0.505505  [11904/20000]
2021-06-17 14:35:17,207   loss: 0.444677  [13888/20000]
2021-06-17 14:35:33,999   loss: 0.715604  [15872/20000]
2021-06-17 14:35:50,788   loss: 0.523675  [17856/20000]
2021-06-17 14:36:07,499   loss: 0.470184  [19840/20000]
2021-06-17 14:36:08,364 testing, workout 70 of 100
2021-06-17 14:36:44,065 test accuracy: 73.8%, avg loss: 0.008236
2021-06-17 14:36:44,065 training, workout 71 of 100
2021-06-17 14:36:44,890   loss: 0.406399  [    0/20000]
2021-06-17 14:37:01,266   loss: 0.515431  [ 1984/20000]
2021-06-17 14:37:18,070   loss: 0.558093  [ 3968/20000]
2021-06-17 14:37:34,950   loss: 0.517411  [ 5952/20000]
2021-06-17 14:37:51,660   loss: 0.511096  [ 7936/20000]
2021-06-17 14:38:08,446   loss: 0.389288  [ 9920/20000]
2021-06-17 14:38:25,194   loss: 0.506611  [11904/20000]
2021-06-17 14:38:41,932   loss: 0.471937  [13888/20000]
2021-06-17 14:38:58,818   loss: 0.489795  [15872/20000]
2021-06-17 14:39:15,422   loss: 0.555586  [17856/20000]
2021-06-17 14:39:32,184   loss: 0.561765  [19840/20000]
2021-06-17 14:39:33,051 testing, workout 72 of 100
2021-06-17 14:40:08,717 test accuracy: 75.4%, avg loss: 0.007940
2021-06-17 14:40:08,717 training, workout 73 of 100
2021-06-17 14:40:09,525   loss: 0.588854  [    0/20000]
2021-06-17 14:40:25,922   loss: 0.483682  [ 1984/20000]
2021-06-17 14:40:42,675   loss: 0.598555  [ 3968/20000]
2021-06-17 14:40:59,603   loss: 0.417307  [ 5952/20000]
2021-06-17 14:41:16,316   loss: 0.487355  [ 7936/20000]
2021-06-17 14:41:33,151   loss: 0.483052  [ 9920/20000]
2021-06-17 14:41:49,929   loss: 0.440426  [11904/20000]
2021-06-17 14:42:06,762   loss: 0.388184  [13888/20000]
2021-06-17 14:42:23,542   loss: 0.607738  [15872/20000]
2021-06-17 14:42:40,150   loss: 0.647126  [17856/20000]
2021-06-17 14:42:56,840   loss: 0.570166  [19840/20000]
2021-06-17 14:42:57,806 testing, workout 74 of 100
2021-06-17 14:43:33,618 test accuracy: 75.9%, avg loss: 0.007894
2021-06-17 14:43:33,618 training, workout 75 of 100
2021-06-17 14:43:34,412   loss: 0.427782  [    0/20000]
2021-06-17 14:43:50,839   loss: 0.431554  [ 1984/20000]
2021-06-17 14:44:07,907   loss: 0.379970  [ 3968/20000]
2021-06-17 14:44:24,719   loss: 0.539762  [ 5952/20000]
2021-06-17 14:44:41,534   loss: 0.514551  [ 7936/20000]
2021-06-17 14:44:58,350   loss: 0.460412  [ 9920/20000]
2021-06-17 14:45:16,204   loss: 0.554074  [11904/20000]
2021-06-17 14:45:32,814   loss: 0.426437  [13888/20000]
2021-06-17 14:45:50,610   loss: 0.427147  [15872/20000]
2021-06-17 14:46:07,314   loss: 0.487460  [17856/20000]
2021-06-17 14:46:25,044   loss: 0.444881  [19840/20000]
2021-06-17 14:46:26,029 testing, workout 76 of 100
2021-06-17 14:47:06,327 test accuracy: 68.6%, avg loss: 0.009808
2021-06-17 14:47:06,327 training, workout 77 of 100
2021-06-17 14:47:07,341   loss: 0.645237  [    0/20000]
2021-06-17 14:47:24,923   loss: 0.394716  [ 1984/20000]
2021-06-17 14:47:42,924   loss: 0.474026  [ 3968/20000]
2021-06-17 14:47:59,900   loss: 0.465214  [ 5952/20000]
2021-06-17 14:48:17,881   loss: 0.532345  [ 7936/20000]
2021-06-17 14:48:34,711   loss: 0.485099  [ 9920/20000]
2021-06-17 14:48:52,772   loss: 0.385150  [11904/20000]
2021-06-17 14:49:10,853   loss: 0.472387  [13888/20000]
2021-06-17 14:49:27,531   loss: 0.543651  [15872/20000]
2021-06-17 14:49:45,407   loss: 0.480499  [17856/20000]
2021-06-17 14:50:02,188   loss: 0.485662  [19840/20000]
2021-06-17 14:50:03,119 testing, workout 78 of 100
2021-06-17 14:50:44,684 test accuracy: 74.6%, avg loss: 0.008163
2021-06-17 14:50:44,684 training, workout 79 of 100
2021-06-17 14:50:45,608   loss: 0.462497  [    0/20000]
2021-06-17 14:51:01,967   loss: 0.428501  [ 1984/20000]
2021-06-17 14:51:19,738   loss: 0.498099  [ 3968/20000]
2021-06-17 14:51:36,742   loss: 0.436220  [ 5952/20000]
2021-06-17 14:51:54,640   loss: 0.386686  [ 7936/20000]
2021-06-17 14:52:12,715   loss: 0.443141  [ 9920/20000]
2021-06-17 14:52:29,465   loss: 0.553608  [11904/20000]
2021-06-17 14:52:47,418   loss: 0.447089  [13888/20000]
2021-06-17 14:53:04,175   loss: 0.439418  [15872/20000]
2021-06-17 14:53:22,012   loss: 0.416446  [17856/20000]
2021-06-17 14:53:40,100   loss: 0.456164  [19840/20000]
2021-06-17 14:53:41,009 testing, workout 80 of 100
2021-06-17 14:54:21,330 test accuracy: 74.5%, avg loss: 0.008202
2021-06-17 14:54:21,330 training, workout 81 of 100
2021-06-17 14:54:22,209   loss: 0.397277  [    0/20000]
2021-06-17 14:54:39,509   loss: 0.432555  [ 1984/20000]
2021-06-17 14:54:56,345   loss: 0.500241  [ 3968/20000]
2021-06-17 14:55:14,366   loss: 0.535587  [ 5952/20000]
2021-06-17 14:55:31,227   loss: 0.505463  [ 7936/20000]
2021-06-17 14:55:49,125   loss: 0.490576  [ 9920/20000]
2021-06-17 14:56:06,059   loss: 0.467700  [11904/20000]
2021-06-17 14:56:24,070   loss: 0.322282  [13888/20000]
2021-06-17 14:56:42,099   loss: 0.521270  [15872/20000]
2021-06-17 14:56:58,773   loss: 0.389004  [17856/20000]
2021-06-17 14:57:16,600   loss: 0.429727  [19840/20000]
2021-06-17 14:57:17,490 testing, workout 82 of 100
2021-06-17 14:57:57,918 test accuracy: 75.3%, avg loss: 0.008071
2021-06-17 14:57:57,918 training, workout 83 of 100
2021-06-17 14:57:58,793   loss: 0.437412  [    0/20000]
2021-06-17 14:58:16,532   loss: 0.495497  [ 1984/20000]
2021-06-17 14:58:33,512   loss: 0.400802  [ 3968/20000]
2021-06-17 14:58:51,583   loss: 0.591674  [ 5952/20000]
2021-06-17 14:59:08,427   loss: 0.412503  [ 7936/20000]
2021-06-17 14:59:26,424   loss: 0.354780  [ 9920/20000]
2021-06-17 14:59:44,444   loss: 0.365081  [11904/20000]
2021-06-17 15:00:01,184   loss: 0.476960  [13888/20000]
2021-06-17 15:00:19,135   loss: 0.466025  [15872/20000]
2021-06-17 15:00:35,947   loss: 0.418052  [17856/20000]
2021-06-17 15:00:53,900   loss: 0.398193  [19840/20000]
2021-06-17 15:00:54,831 testing, workout 84 of 100
2021-06-17 15:01:35,329 test accuracy: 76.9%, avg loss: 0.007547
2021-06-17 15:01:35,329 training, workout 85 of 100
2021-06-17 15:01:36,197   loss: 0.495629  [    0/20000]
2021-06-17 15:01:53,730   loss: 0.433970  [ 1984/20000]
2021-06-17 15:02:11,841   loss: 0.465043  [ 3968/20000]
2021-06-17 15:02:28,691   loss: 0.556189  [ 5952/20000]
2021-06-17 15:02:46,728   loss: 0.276231  [ 7936/20000]
2021-06-17 15:03:03,499   loss: 0.479936  [ 9920/20000]
2021-06-17 15:03:21,321   loss: 0.632624  [11904/20000]
2021-06-17 15:03:38,252   loss: 0.373188  [13888/20000]
2021-06-17 15:03:56,175   loss: 0.433056  [15872/20000]
2021-06-17 15:04:14,035   loss: 0.439435  [17856/20000]
2021-06-17 15:04:30,894   loss: 0.488056  [19840/20000]
2021-06-17 15:04:31,805 testing, workout 86 of 100
2021-06-17 15:05:13,331 test accuracy: 77.5%, avg loss: 0.007534
2021-06-17 15:05:13,331 training, workout 87 of 100
2021-06-17 15:05:14,247   loss: 0.356006  [    0/20000]
2021-06-17 15:05:30,687   loss: 0.426828  [ 1984/20000]
2021-06-17 15:05:48,620   loss: 0.444247  [ 3968/20000]
2021-06-17 15:06:05,509   loss: 0.545853  [ 5952/20000]
2021-06-17 15:06:23,370   loss: 0.507612  [ 7936/20000]
2021-06-17 15:06:40,210   loss: 0.462842  [ 9920/20000]
2021-06-17 15:06:58,030   loss: 0.472510  [11904/20000]
2021-06-17 15:07:15,987   loss: 0.427140  [13888/20000]
2021-06-17 15:07:32,809   loss: 0.398270  [15872/20000]
2021-06-17 15:07:50,685   loss: 0.344882  [17856/20000]
2021-06-17 15:08:07,452   loss: 0.453463  [19840/20000]
2021-06-17 15:08:08,399 testing, workout 88 of 100
2021-06-17 15:08:50,691 test accuracy: 69.5%, avg loss: 0.009903
2021-06-17 15:08:50,691 training, workout 89 of 100
2021-06-17 15:08:51,615   loss: 0.631415  [    0/20000]
2021-06-17 15:09:08,100   loss: 0.359442  [ 1984/20000]
2021-06-17 15:09:26,113   loss: 0.375025  [ 3968/20000]
2021-06-17 15:09:44,274   loss: 0.328224  [ 5952/20000]
2021-06-17 15:10:01,159   loss: 0.726106  [ 7936/20000]
2021-06-17 15:10:19,102   loss: 0.376762  [ 9920/20000]
2021-06-17 15:10:35,831   loss: 0.408480  [11904/20000]
2021-06-17 15:10:53,769   loss: 0.446388  [13888/20000]
2021-06-17 15:11:10,640   loss: 0.560885  [15872/20000]
2021-06-17 15:11:28,580   loss: 0.453589  [17856/20000]
2021-06-17 15:11:46,431   loss: 0.485110  [19840/20000]
2021-06-17 15:11:47,358 testing, workout 90 of 100
2021-06-17 15:12:28,219 test accuracy: 70.1%, avg loss: 0.009565
2021-06-17 15:12:28,219 training, workout 91 of 100
2021-06-17 15:12:29,124   loss: 0.525739  [    0/20000]
2021-06-17 15:12:46,757   loss: 0.516020  [ 1984/20000]
2021-06-17 15:13:03,645   loss: 0.406593  [ 3968/20000]
2021-06-17 15:13:21,763   loss: 0.440292  [ 5952/20000]
2021-06-17 15:13:38,602   loss: 0.567618  [ 7936/20000]
2021-06-17 15:13:56,487   loss: 0.346492  [ 9920/20000]
2021-06-17 15:14:14,605   loss: 0.418760  [11904/20000]
2021-06-17 15:14:31,274   loss: 0.309346  [13888/20000]
2021-06-17 15:14:49,122   loss: 0.372491  [15872/20000]
2021-06-17 15:15:05,812   loss: 0.315688  [17856/20000]
2021-06-17 15:15:23,681   loss: 0.463788  [19840/20000]
2021-06-17 15:15:24,578 testing, workout 92 of 100
2021-06-17 15:16:05,341 test accuracy: 77.0%, avg loss: 0.007642
2021-06-17 15:16:05,341 training, workout 93 of 100
2021-06-17 15:16:06,194   loss: 0.349320  [    0/20000]
2021-06-17 15:16:23,844   loss: 0.238991  [ 1984/20000]
2021-06-17 15:16:40,837   loss: 0.427285  [ 3968/20000]
2021-06-17 15:16:59,103   loss: 0.559291  [ 5952/20000]
2021-06-17 15:17:17,114   loss: 0.431084  [ 7936/20000]
2021-06-17 15:17:33,900   loss: 0.407835  [ 9920/20000]
2021-06-17 15:17:51,774   loss: 0.425047  [11904/20000]
2021-06-17 15:18:08,594   loss: 0.356311  [13888/20000]
2021-06-17 15:18:26,525   loss: 0.357335  [15872/20000]
2021-06-17 15:18:43,283   loss: 0.403431  [17856/20000]
2021-06-17 15:19:01,221   loss: 0.359319  [19840/20000]
2021-06-17 15:19:02,132 testing, workout 94 of 100
2021-06-17 15:19:43,180 test accuracy: 75.4%, avg loss: 0.008096
2021-06-17 15:19:43,181 training, workout 95 of 100
2021-06-17 15:19:44,103   loss: 0.364408  [    0/20000]
2021-06-17 15:20:01,751   loss: 0.329148  [ 1984/20000]
2021-06-17 15:20:18,536   loss: 0.405046  [ 3968/20000]
2021-06-17 15:20:35,321   loss: 0.500329  [ 5952/20000]
2021-06-17 15:20:52,140   loss: 0.497723  [ 7936/20000]
2021-06-17 15:21:08,885   loss: 0.425616  [ 9920/20000]
2021-06-17 15:21:25,765   loss: 0.387232  [11904/20000]
2021-06-17 15:21:42,510   loss: 0.371160  [13888/20000]
2021-06-17 15:21:59,418   loss: 0.399765  [15872/20000]
2021-06-17 15:22:16,202   loss: 0.362476  [17856/20000]
2021-06-17 15:22:32,976   loss: 0.386053  [19840/20000]
2021-06-17 15:22:33,838 testing, workout 96 of 100
2021-06-17 15:23:09,380 test accuracy: 76.4%, avg loss: 0.007800
2021-06-17 15:23:09,380 training, workout 97 of 100
2021-06-17 15:23:10,205   loss: 0.386021  [    0/20000]
2021-06-17 15:23:26,612   loss: 0.524732  [ 1984/20000]
2021-06-17 15:23:43,446   loss: 0.478410  [ 3968/20000]
2021-06-17 15:24:00,258   loss: 0.299331  [ 5952/20000]
2021-06-17 15:24:17,150   loss: 0.354647  [ 7936/20000]
2021-06-17 15:24:34,016   loss: 0.533621  [ 9920/20000]
2021-06-17 15:24:50,736   loss: 0.512293  [11904/20000]
2021-06-17 15:25:07,476   loss: 0.278462  [13888/20000]
2021-06-17 15:25:24,225   loss: 0.390222  [15872/20000]
2021-06-17 15:25:40,940   loss: 0.375760  [17856/20000]
2021-06-17 15:25:57,677   loss: 0.399480  [19840/20000]
2021-06-17 15:25:58,519 testing, workout 98 of 100
2021-06-17 15:26:31,248 test accuracy: 78.1%, avg loss: 0.007327
2021-06-17 15:26:31,248 training, workout 99 of 100
2021-06-17 15:26:32,041   loss: 0.331633  [    0/20000]
2021-06-17 15:26:48,377   loss: 0.400662  [ 1984/20000]
2021-06-17 15:27:04,968   loss: 0.242214  [ 3968/20000]
2021-06-17 15:27:21,703   loss: 0.312518  [ 5952/20000]
2021-06-17 15:27:38,383   loss: 0.396935  [ 7936/20000]
2021-06-17 15:27:55,090   loss: 0.310452  [ 9920/20000]
2021-06-17 15:28:11,870   loss: 0.326668  [11904/20000]
2021-06-17 15:28:28,432   loss: 0.301321  [13888/20000]
2021-06-17 15:28:45,029   loss: 0.405879  [15872/20000]
2021-06-17 15:29:01,650   loss: 0.540242  [17856/20000]
2021-06-17 15:29:18,301   loss: 0.378483  [19840/20000]
2021-06-17 15:29:19,133 testing, workout 100 of 100
2021-06-17 15:29:53,021 test accuracy: 75.3%, avg loss: 0.008177
